1. Running translator
Parsing... [0.000s CPU, 0.005s wall-clock]
Instantiating...
Normalizing task... [0.010s CPU, 0.001s wall-clock]
Generating Datalog program... [0.000s CPU, 0.001s wall-clock]
Normalizing Datalog program...
Normalizing Datalog program: [0.010s CPU, 0.006s wall-clock]
Preparing model... [0.000s CPU, 0.003s wall-clock]
Generated 109 rules.
Computing model... [0.000s CPU, 0.007s wall-clock]
201 relevant atoms
150 auxiliary atoms
351 final queue length
512 total queue pushes
Completing instantiation... [0.020s CPU, 0.010s wall-clock]
Instantiating: [0.040s CPU, 0.029s wall-clock]
Computing fact groups...
Finding invariants... 37 initial candidates
[0.010s CPU, 0.019s wall-clock]
Checking invariant weight... [0.000s CPU, 0.001s wall-clock]
Instantiating groups... [0.000s CPU, 0.002s wall-clock]
Collecting mutex groups... [0.000s CPU, 0.000s wall-clock]
Choosing groups...
9 uncovered facts
Choosing groups: [0.000s CPU, 0.001s wall-clock]
Building translation key... [0.000s CPU, 0.000s wall-clock]
Computing fact groups: [0.020s CPU, 0.024s wall-clock]
Building STRIPS to SAS dictionary... [0.000s CPU, 0.000s wall-clock]
Building dictionary for full mutex groups... [0.000s CPU, 0.000s wall-clock]
Translating task...
Processing axioms...
Simplifying axioms... [0.000s CPU, 0.000s wall-clock]
Processing axioms: [0.000s CPU, 0.001s wall-clock]
Translating task: [0.010s CPU, 0.010s wall-clock]
0 implied effects removed
18 effect conditions simplified
0 implied preconditions added
Building mutex information...
Building mutex information: [0.000s CPU, 0.000s wall-clock]
Detecting unreachable propositions...
0 operators removed
10 propositions removed
Detecting unreachable propositions: [0.000s CPU, 0.002s wall-clock]
Writing translation key... [0.000s CPU, 0.000s wall-clock]
Writing mutex key... [0.000s CPU, 0.001s wall-clock]
Writing output... [0.010s CPU, 0.001s wall-clock]
Done! [0.080s CPU, 0.075s wall-clock]
2. Running preprocessor
Building causal graph...
The causal graph is not acyclic.
22 variables of 22 necessary
105 of 105 operators necessary.
0 of 0 axiom rules necessary.
Building domain transition graphs...
solveable in poly time 0
Building successor generator...
Writing output...
done

3. Running search
Dispatcher selected state size 1.
This is a nonunit task.
Simplifying transitions... done!
Initializing heuristic cache... done!
insert bound
insert bound
insert bound
insert bound
insert bound
insert bound
Starting search: lazy(alt(single(sum(g(),weight(hff,10))),single(sum(g(),weight(hff,10)),pref_only=true),boost=2000),preferred=(hff),reopen_closed=false,cost_type=1)
Conducting lazy best first search, (real) bound = 2147483647
Initializing FF heuristic...
Initializing additive heuristic...
Simplifying 240 unary operators... done! [195 unary operators]
Best heuristic value: 18 [g=0, 1 evaluated, 0 expanded, t=0s]
Best heuristic value: 17 [g=1, 3 evaluated, 2 expanded, t=0s]
Best heuristic value: 16 [g=2, 6 evaluated, 5 expanded, t=0s]
Best heuristic value: 14 [g=4, 9 evaluated, 8 expanded, t=0s]
Best heuristic value: 13 [g=5, 11 evaluated, 10 expanded, t=0s]
Best heuristic value: 12 [g=8, 14 evaluated, 13 expanded, t=0s]
Best heuristic value: 10 [g=9, 15 evaluated, 14 expanded, t=0s]
Best heuristic value: 9 [g=11, 18 evaluated, 17 expanded, t=0s]
Best heuristic value: 8 [g=12, 20 evaluated, 19 expanded, t=0s]
Best heuristic value: 7 [g=13, 23 evaluated, 22 expanded, t=0s]
Best heuristic value: 5 [g=15, 26 evaluated, 25 expanded, t=0s]
Best heuristic value: 4 [g=16, 27 evaluated, 26 expanded, t=0s]
Best heuristic value: 2 [g=18, 29 evaluated, 28 expanded, t=0s]
Best heuristic value: 1 [g=19, 30 evaluated, 29 expanded, t=0s]
Solution found!
Actual search time: 0s [t=0s]
load_board_basic r b0 t2 (60)
load_board_basic r b1 t1 (60)
take_saw r (10)
cut_board_basic r b0 circle (120)
cut_board_basic r b1 triangle (120)
lay_saw r (10)
take_brush r (10)
brush_board_basic r b0 red (180)
brush_board_basic r b1 yellow (180)
lay_brush r (10)
unload_board_basic r b0 t2 (60)
load_board_basic r b2 t2 (60)
unload_board_basic r b1 t1 (60)
take_saw r (10)
cut_board_basic r b2 square (120)
lay_saw r (10)
take_brush r (10)
brush_board_basic r b2 yellow (180)
lay_brush r (10)
unload_board_basic r b2 t2 (60)
Plan length: 20 step(s).
Plan cost: 1340
Initial state h value: 18.
Expanded 30 state(s).
Reopened 0 state(s).
Evaluated 31 state(s).
Evaluations: 31
Generated 136 state(s).
Best solution cost so far: 1340
Solution found - keep searching
insert bound
Starting search: lazy(alt(single(sum(g(),weight(hadd,7))),single(sum(g(),weight(hadd,7)),pref_only=true),single(sum(g(),weight(hcg,7))),single(sum(g(),weight(hcg,7)),pref_only=true),single(sum(g(),weight(hcea,7))),single(sum(g(),weight(hcea,7)),pref_only=true),single(sum(g(),weight(hgoalcount,7))),single(sum(g(),weight(hgoalcount,7)),pref_only=true),boost=1000),preferred=(hcea,hgoalcount),reopen_closed=false,cost_type=1)
Conducting lazy best first search, (real) bound = 1340
Initializing context-enhanced additive heuristic...
Switch from bucket-based to heap-based queue at key = 200, num_pushes = 16
Initializing causal graph heuristic...
Switch from bucket-based to heap-based queue at key = 201, num_pushes = 1
Switch from bucket-based to heap-based queue at key = 247, num_pushes = 1
Switch from bucket-based to heap-based queue at key = 193, num_pushes = 1
Switch from bucket-based to heap-based queue at key = 409, num_pushes = 1
Switch from bucket-based to heap-based queue at key = 247, num_pushes = 1
Switch from bucket-based to heap-based queue at key = 193, num_pushes = 1
Switch from bucket-based to heap-based queue at key = 409, num_pushes = 1
Switch from bucket-based to heap-based queue at key = 247, num_pushes = 1
Switch from bucket-based to heap-based queue at key = 193, num_pushes = 1
Switch from bucket-based to heap-based queue at key = 409, num_pushes = 1
Switch from bucket-based to heap-based queue at key = 192, num_pushes = 1
Switch from bucket-based to heap-based queue at key = 193, num_pushes = 1
Switch from bucket-based to heap-based queue at key = 1029, num_pushes = 1
Switch from bucket-based to heap-based queue at key = 192, num_pushes = 1
Switch from bucket-based to heap-based queue at key = 193, num_pushes = 1
Switch from bucket-based to heap-based queue at key = 693, num_pushes = 1
Switch from bucket-based to heap-based queue at key = 193, num_pushes = 1
Switch from bucket-based to heap-based queue at key = 192, num_pushes = 1
Switch from bucket-based to heap-based queue at key = 507, num_pushes = 1
Initializing goal count heuristic...
Initializing additive heuristic...
Simplifying 240 unary operators... done! [195 unary operators]
Switch from bucket-based to heap-based queue at key = 200, num_pushes = 22
Best heuristic value: 3000/2859/9/3000 [g=0, 1 evaluated, 0 expanded, t=0s]
Switch from bucket-based to heap-based queue at key = 253, num_pushes = 1
Best heuristic value: 2700/2615/9/2700 [g=1, 3 evaluated, 2 expanded, t=0s]
Switch from bucket-based to heap-based queue at key = 253, num_pushes = 1
Best heuristic value: 2570/2494/8/2590 [g=3, 25 evaluated, 24 expanded, t=0s]
Best heuristic value: 2440/2351/8/2440 [g=4, 26 evaluated, 25 expanded, t=0s]
Best heuristic value: 2170/2088/7/2190 [g=6, 30 evaluated, 29 expanded, t=0s]
Best heuristic value: 2060/1967/7/2060 [g=7, 31 evaluated, 30 expanded, t=0s]
Best heuristic value: 2000/1906/6/2000 [g=8, 35 evaluated, 34 expanded, t=0s]
Best heuristic value: 1700/1662/6/1700 [g=9, 37 evaluated, 36 expanded, t=0s]
Best heuristic value: 1400/1418/6/1400 [g=10, 42 evaluated, 41 expanded, t=0s]
Best heuristic value: 1180/1198/5/1180 [g=12, 46 evaluated, 45 expanded, t=0s]
Best heuristic value: 1140/1154/5/1140 [g=13, 47 evaluated, 46 expanded, t=0s]
Best heuristic value: 940/956/4/940 [g=13, 49 evaluated, 48 expanded, t=0s]
Best heuristic value: 880/890/4/880 [g=14, 50 evaluated, 49 expanded, t=0s]
Best heuristic value: 860/868/4/860 [g=15, 51 evaluated, 50 expanded, t=0s]
Best heuristic value: 500/506/3/500 [g=16, 52 evaluated, 51 expanded, t=0s]
Best heuristic value: 140/144/2/140 [g=17, 53 evaluated, 52 expanded, t=0s]
Best heuristic value: 120/122/2/120 [g=18, 54 evaluated, 53 expanded, t=0s]
Best heuristic value: 60/61/1/60 [g=19, 55 evaluated, 54 expanded, t=0s]
Completely explored state space -- no solution!
Actual search time: 0.18s [t=0.18s]
Initial state h value: 3000/2859/9/3000.
Expanded 2352 state(s).
Reopened 0 state(s).
Evaluated 5382 state(s).
Evaluations: 21528
Generated 10134 state(s).
Best solution cost so far: 1340
No solution found - keep searching
insert bound
Starting search: lazy(alt(tiebreaking(sum(g(),weight(hadd,3)),hadd),tiebreaking(sum(g(),weight(hadd,3)),hadd,pref_only=true),tiebreaking(sum(g(),weight(hcg,3)),hcg),tiebreaking(sum(g(),weight(hcg,3)),hcg,pref_only=true),tiebreaking(sum(g(),weight(hcea,3)),hcea),tiebreaking(sum(g(),weight(hcea,3)),hcea,pref_only=true),tiebreaking(sum(g(),weight(hgoalcount,3)),hgoalcount),tiebreaking(sum(g(),weight(hgoalcount,3)),hgoalcount,pref_only=true),boost=5000),preferred=(hcea,hgoalcount),reopen_closed=false,cost_type=0)
Conducting lazy best first search, (real) bound = 1340
Best heuristic value: 3000/2859/9/3000 [g=0, 1 evaluated, 0 expanded, t=0.18s]
Best heuristic value: 2700/2615/9/2700 [g=60, 4 evaluated, 3 expanded, t=0.18s]
Best heuristic value: 2570/2494/8/2590 [g=190, 25 evaluated, 24 expanded, t=0.19s]
Best heuristic value: 2440/2351/8/2440 [g=200, 26 evaluated, 25 expanded, t=0.19s]
Best heuristic value: 2170/2088/7/2190 [g=390, 30 evaluated, 29 expanded, t=0.19s]
Best heuristic value: 2060/1967/7/2060 [g=400, 31 evaluated, 30 expanded, t=0.19s]
Best heuristic value: 2000/1906/6/2000 [g=460, 39 evaluated, 38 expanded, t=0.19s]
Best heuristic value: 1700/1662/6/1700 [g=520, 44 evaluated, 43 expanded, t=0.19s]
Best heuristic value: 1400/1418/6/1400 [g=580, 50 evaluated, 49 expanded, t=0.19s]
Best heuristic value: 1180/1198/5/1180 [g=710, 56 evaluated, 55 expanded, t=0.19s]
Best heuristic value: 1140/1154/5/1140 [g=720, 57 evaluated, 56 expanded, t=0.19s]
Best heuristic value: 780/792/4/780 [g=910, 59 evaluated, 58 expanded, t=0.19s]
Best heuristic value: 760/770/4/760 [g=920, 60 evaluated, 59 expanded, t=0.19s]
Best heuristic value: 700/709/3/700 [g=980, 62 evaluated, 61 expanded, t=0.19s]
Best heuristic value: 470/478/2/470 [g=1110, 65 evaluated, 64 expanded, t=0.19s]
Best heuristic value: 440/445/2/440 [g=1120, 66 evaluated, 65 expanded, t=0.19s]
Best heuristic value: 430/434/2/430 [g=1130, 67 evaluated, 66 expanded, t=0.19s]
Best heuristic value: 70/72/1/70 [g=1310, 71 evaluated, 69 expanded, t=0.19s]
Best heuristic value: 60/61/1/60 [g=1320, 72 evaluated, 70 expanded, t=0.19s]
Best heuristic value: 55/57/1/55 [g=1210, 1305 evaluated, 956 expanded, t=0.24s]
Best heuristic value: 45/46/1/45 [g=1220, 1306 evaluated, 957 expanded, t=0.24s]
Solution found!
Actual search time: 0.06s [t=0.24s]
upgrade_advanced r (200)
load_board_advanced r b0 t1 (45)
take_saw r (10)
cut_board_advanced r b0 circle (90)
lay_saw r (10)
take_brush r (10)
brush_board_advanced r b0 red (135)
lay_brush r (10)
unload_board_advanced r b0 t1 (45)
load_board_advanced r b1 t1 (45)
load_board_advanced r b2 t2 (45)
take_saw r (10)
cut_board_advanced r b1 triangle (90)
lay_saw r (10)
take_brush r (10)
brush_board_advanced r b1 yellow (135)
lay_brush r (10)
unload_board_advanced r b1 t1 (45)
take_saw r (10)
cut_board_advanced r b2 square (90)
lay_saw r (10)
take_brush r (10)
brush_board_advanced r b2 yellow (135)
lay_brush r (10)
unload_board_advanced r b2 t2 (45)
Plan length: 25 step(s).
Plan cost: 1265
Initial state h value: 3000/2859/9/3000.
Expanded 959 state(s).
Reopened 0 state(s).
Evaluated 1308 state(s).
Evaluations: 5232
Generated 4369 state(s).
Best solution cost so far: 1265
Solution found - keep searching
insert bound
Starting search: eager(alt(tiebreaking(sum(g(),weight(hadd,10)),hadd),tiebreaking(sum(g(),weight(hadd,10)),hadd,pref_only=true),tiebreaking(sum(g(),weight(hcg,10)),hcg),tiebreaking(sum(g(),weight(hcg,10)),hcg,pref_only=true),tiebreaking(sum(g(),weight(hcea,10)),hcea),tiebreaking(sum(g(),weight(hcea,10)),hcea,pref_only=true),tiebreaking(sum(g(),weight(hgoalcount,10)),hgoalcount),tiebreaking(sum(g(),weight(hgoalcount,10)),hgoalcount,pref_only=true),boost=500),preferred=(hcea,hgoalcount),reopen_closed=true,pathmax=true,cost_type=0)
Conducting best first search with reopening closed nodes, (real) bound = 1265
Using pathmax correction
Best heuristic value: 3000/2859/9/3000 [g=0, 1 evaluated, 0 expanded, t=0.24s]
Best heuristic value: 2700/2615/9/2700 [g=60, 2 evaluated, 1 expanded, t=0.24s]
Best heuristic value: 2280/2184/9/2280 [g=200, 8 evaluated, 1 expanded, t=0.24s]
Best heuristic value: 2055/2000/9/2055 [g=260, 13 evaluated, 2 expanded, t=0.24s]
Best heuristic value: 2055/2000/8/2055 [g=250, 36 evaluated, 9 expanded, t=0.24s]
Best heuristic value: 1895/1849/8/1915 [g=450, 38 evaluated, 10 expanded, t=0.24s]
Best heuristic value: 1765/1706/8/1765 [g=460, 42 evaluated, 11 expanded, t=0.24s]
Best heuristic value: 1765/1706/7/1765 [g=390, 45 evaluated, 12 expanded, t=0.24s]
Best heuristic value: 1675/1623/7/1695 [g=590, 49 evaluated, 13 expanded, t=0.24s]
Best heuristic value: 1675/1623/6/1695 [g=460, 51 evaluated, 14 expanded, t=0.24s]
Best heuristic value: 1565/1502/6/1565 [g=600, 54 evaluated, 14 expanded, t=0.24s]
Best heuristic value: 1520/1456/6/1520 [g=660, 60 evaluated, 15 expanded, t=0.24s]
Best heuristic value: 1400/1418/6/1400 [g=580, 63 evaluated, 16 expanded, t=0.24s]
Best heuristic value: 1295/1272/6/1295 [g=720, 64 evaluated, 16 expanded, t=0.24s]
Best heuristic value: 1070/1088/6/1070 [g=780, 67 evaluated, 17 expanded, t=0.24s]
Best heuristic value: 1060/1078/5/1060 [g=770, 77 evaluated, 19 expanded, t=0.24s]
Best heuristic value: 700/716/4/700 [g=950, 82 evaluated, 20 expanded, t=0.24s]
Best heuristic value: 550/566/4/550 [g=1150, 91 evaluated, 22 expanded, t=0.24s]
Best heuristic value: 490/500/4/490 [g=1160, 93 evaluated, 23 expanded, t=0.24s]
Best heuristic value: 380/386/3/380 [g=1090, 95 evaluated, 24 expanded, t=0.24s]
Best heuristic value: 140/144/2/140 [g=1210, 111 evaluated, 26 expanded, t=0.24s]
Best heuristic value: 120/122/2/120 [g=1220, 114 evaluated, 27 expanded, t=0.24s]
Best heuristic value: 55/57/1/55 [g=1190, 2992 evaluated, 1263 expanded, 294 reopened, t=0.33s]
Best heuristic value: 45/46/1/45 [g=1200, 2995 evaluated, 1264 expanded, 294 reopened, t=0.33s]
Best heuristic value: 0/0/0/0 [g=1245, 3003 evaluated, 1266 expanded, 294 reopened, t=0.33s]
Solution found!
Actual search time: 0.09s [t=0.33s]
upgrade_advanced r (200)
load_board_advanced r b0 t2 (45)
take_brush r (10)
brush_board_advanced r b0 red (135)
lay_brush r (10)
take_saw r (10)
cut_board_advanced r b0 circle (90)
lay_saw r (10)
unload_board_advanced r b0 t2 (45)
load_board_advanced r b1 t1 (45)
take_saw r (10)
cut_board_advanced r b1 triangle (90)
lay_saw r (10)
load_board_advanced r b2 t2 (45)
take_brush r (10)
brush_board_advanced r b1 yellow (135)
brush_board_advanced r b2 yellow (135)
lay_brush r (10)
unload_board_advanced r b1 t1 (45)
take_saw r (10)
cut_board_advanced r b2 square (90)
lay_saw r (10)
unload_board_advanced r b2 t2 (45)
Plan length: 23 step(s).
Plan cost: 1245
Initial state h value: 3000/2859/9/3000.
Expanded 1267 state(s).
Reopened 294 state(s).
Evaluated 3004 state(s).
Evaluations: 14548
Generated 5403 state(s).
Pathmax corrections: 1668
search space hash size: 3004
search space hash bucket count: 3079
Best solution cost so far: 1245
Solution found - keep searching
insert bound
Starting search: eager(alt(tiebreaking(sum(g(),weight(hadd,10)),hadd),tiebreaking(sum(g(),weight(hadd,10)),hadd,pref_only=true),tiebreaking(sum(g(),weight(hcg,10)),hcg),tiebreaking(sum(g(),weight(hcg,10)),hcg,pref_only=true),tiebreaking(sum(g(),weight(hcea,10)),hcea),tiebreaking(sum(g(),weight(hcea,10)),hcea,pref_only=true),tiebreaking(sum(g(),weight(hgoalcount,10)),hgoalcount),tiebreaking(sum(g(),weight(hgoalcount,10)),hgoalcount,pref_only=true),boost=500),preferred=(hcea,hgoalcount),reopen_closed=true,pathmax=true,cost_type=0)
Conducting best first search with reopening closed nodes, (real) bound = 1245
Using pathmax correction
Best heuristic value: 3000/2859/9/3000 [g=0, 1 evaluated, 0 expanded, t=0.34s]
Best heuristic value: 2700/2615/9/2700 [g=60, 2 evaluated, 1 expanded, t=0.34s]
Best heuristic value: 2280/2184/9/2280 [g=200, 8 evaluated, 1 expanded, t=0.34s]
Best heuristic value: 2055/2000/9/2055 [g=260, 13 evaluated, 2 expanded, t=0.35s]
Best heuristic value: 2055/2000/8/2055 [g=250, 36 evaluated, 9 expanded, t=0.35s]
Best heuristic value: 1895/1849/8/1915 [g=450, 38 evaluated, 10 expanded, t=0.35s]
Best heuristic value: 1765/1706/8/1765 [g=460, 42 evaluated, 11 expanded, t=0.35s]
Best heuristic value: 1765/1706/7/1765 [g=390, 45 evaluated, 12 expanded, t=0.35s]
Best heuristic value: 1675/1623/7/1695 [g=590, 49 evaluated, 13 expanded, t=0.35s]
Best heuristic value: 1675/1623/6/1695 [g=460, 51 evaluated, 14 expanded, t=0.35s]
Best heuristic value: 1565/1502/6/1565 [g=600, 54 evaluated, 14 expanded, t=0.35s]
Best heuristic value: 1520/1456/6/1520 [g=660, 60 evaluated, 15 expanded, t=0.35s]
Best heuristic value: 1400/1418/6/1400 [g=580, 63 evaluated, 16 expanded, t=0.35s]
Best heuristic value: 1295/1272/6/1295 [g=720, 64 evaluated, 16 expanded, t=0.35s]
Best heuristic value: 1070/1088/6/1070 [g=780, 67 evaluated, 17 expanded, t=0.35s]
Best heuristic value: 1060/1078/5/1060 [g=770, 77 evaluated, 19 expanded, t=0.35s]
Best heuristic value: 700/716/4/700 [g=950, 82 evaluated, 20 expanded, t=0.35s]
Best heuristic value: 550/566/4/550 [g=1150, 91 evaluated, 22 expanded, t=0.35s]
Best heuristic value: 490/500/4/490 [g=1160, 93 evaluated, 23 expanded, t=0.35s]
Best heuristic value: 380/386/3/380 [g=1090, 95 evaluated, 24 expanded, t=0.35s]
Best heuristic value: 140/144/2/140 [g=1210, 111 evaluated, 26 expanded, t=0.35s]
Best heuristic value: 120/122/2/120 [g=1220, 114 evaluated, 27 expanded, t=0.35s]
Best heuristic value: 55/57/1/55 [g=1190, 2939 evaluated, 1234 expanded, 310 reopened, t=0.44s]
Best heuristic value: 45/46/1/45 [g=1200, 2949 evaluated, 1236 expanded, 310 reopened, t=0.45s]
Best heuristic value: 0/0/0/0 [g=1225, 3880 evaluated, 1669 expanded, 344 reopened, t=0.48s]
Solution found!
Actual search time: 0.14s [t=0.48s]
upgrade_advanced r (200)
load_board_advanced r b1 t2 (45)
load_board_advanced r b0 t1 (45)
take_brush r (10)
brush_board_advanced r b1 yellow (135)
brush_board_advanced r b0 red (135)
lay_brush r (10)
take_saw r (10)
cut_board_advanced r b1 triangle (90)
cut_board_advanced r b0 circle (90)
lay_saw r (10)
unload_board_advanced r b0 t1 (45)
unload_board_advanced r b1 t2 (45)
load_board_advanced r b2 t2 (45)
take_brush r (10)
brush_board_advanced r b2 yellow (135)
lay_brush r (10)
take_saw r (10)
cut_board_advanced r b2 square (90)
lay_saw r (10)
unload_board_advanced r b2 t2 (45)
Plan length: 21 step(s).
Plan cost: 1225
Initial state h value: 3000/2859/9/3000.
Expanded 1672 state(s).
Reopened 344 state(s).
Evaluated 3884 state(s).
Evaluations: 18878
Generated 7109 state(s).
Pathmax corrections: 2006
search space hash size: 3884
search space hash bucket count: 6151
Best solution cost so far: 1225
Solution found - keep searching
insert bound
Starting search: eager(alt(tiebreaking(sum(g(),weight(hadd,10)),hadd),tiebreaking(sum(g(),weight(hadd,10)),hadd,pref_only=true),tiebreaking(sum(g(),weight(hcg,10)),hcg),tiebreaking(sum(g(),weight(hcg,10)),hcg,pref_only=true),tiebreaking(sum(g(),weight(hcea,10)),hcea),tiebreaking(sum(g(),weight(hcea,10)),hcea,pref_only=true),tiebreaking(sum(g(),weight(hgoalcount,10)),hgoalcount),tiebreaking(sum(g(),weight(hgoalcount,10)),hgoalcount,pref_only=true),boost=500),preferred=(hcea,hgoalcount),reopen_closed=true,pathmax=true,cost_type=0)
Conducting best first search with reopening closed nodes, (real) bound = 1225
Using pathmax correction
Best heuristic value: 3000/2859/9/3000 [g=0, 1 evaluated, 0 expanded, t=0.48s]
Best heuristic value: 2700/2615/9/2700 [g=60, 2 evaluated, 1 expanded, t=0.48s]
Best heuristic value: 2280/2184/9/2280 [g=200, 8 evaluated, 1 expanded, t=0.48s]
Best heuristic value: 2055/2000/9/2055 [g=260, 13 evaluated, 2 expanded, t=0.48s]
Best heuristic value: 2055/2000/8/2055 [g=250, 36 evaluated, 9 expanded, t=0.48s]
Best heuristic value: 1895/1849/8/1915 [g=450, 38 evaluated, 10 expanded, t=0.48s]
Best heuristic value: 1765/1706/8/1765 [g=460, 42 evaluated, 11 expanded, t=0.48s]
Best heuristic value: 1765/1706/7/1765 [g=390, 45 evaluated, 12 expanded, t=0.48s]
Best heuristic value: 1675/1623/7/1695 [g=590, 49 evaluated, 13 expanded, t=0.48s]
Best heuristic value: 1675/1623/6/1695 [g=460, 51 evaluated, 14 expanded, t=0.48s]
Best heuristic value: 1565/1502/6/1565 [g=600, 54 evaluated, 14 expanded, t=0.48s]
Best heuristic value: 1520/1456/6/1520 [g=660, 60 evaluated, 15 expanded, t=0.48s]
Best heuristic value: 1400/1418/6/1400 [g=580, 63 evaluated, 16 expanded, t=0.48s]
Best heuristic value: 1295/1272/6/1295 [g=720, 64 evaluated, 16 expanded, t=0.48s]
Best heuristic value: 1070/1088/6/1070 [g=780, 67 evaluated, 17 expanded, t=0.48s]
Best heuristic value: 1060/1078/5/1060 [g=770, 77 evaluated, 19 expanded, t=0.48s]
Best heuristic value: 700/716/4/700 [g=950, 82 evaluated, 20 expanded, t=0.48s]
Best heuristic value: 550/566/4/550 [g=1150, 91 evaluated, 22 expanded, t=0.48s]
Best heuristic value: 490/500/4/490 [g=1160, 93 evaluated, 23 expanded, t=0.48s]
Best heuristic value: 380/386/3/380 [g=1090, 95 evaluated, 24 expanded, t=0.48s]
Best heuristic value: 140/144/2/140 [g=1210, 111 evaluated, 26 expanded, t=0.48s]
Best heuristic value: 120/122/2/120 [g=1220, 114 evaluated, 27 expanded, t=0.48s]
Best heuristic value: 55/57/1/55 [g=1190, 3154 evaluated, 1466 expanded, 356 reopened, t=0.58s]
Best heuristic value: 45/46/1/45 [g=1200, 3161 evaluated, 1468 expanded, 356 reopened, t=0.58s]
Best heuristic value: 40/42/1/40 [g=1220, 5415 evaluated, 3331 expanded, 1130 reopened, t=0.67s]
Completely explored state space -- no solution!
Actual search time: 0.22s [t=0.7s]
Initial state h value: 3000/2859/9/3000.
Expanded 4059 state(s).
Reopened 1428 state(s).
Evaluated 6201 state(s).
Evaluations: 32922
Generated 14995 state(s).
Pathmax corrections: 2570
search space hash size: 6201
search space hash bucket count: 12289
Best solution cost so far: 1225
No solution found - keep searching
Actual search time: 0.71s [t=0.71s]
Cumulative statistics:
Initial state h value: .
Expanded 10339 state(s).
Reopened 2066 state(s).
Evaluated 19810 state(s).
Evaluations: 93139
Generated 42146 state(s).
Search time: 0.71s
Total time: 0.71s
Peak memory: 16688 KB
-------------------------------------------------------
fd-autotune-1.p02.runtime: 00:00:01.593
