This file contains any messages produced by compilers while
running configure, to aid debugging if configure makes a mistake.

It was created by tsim configure 0.84, which was
generated by GNU Autoconf 2.61.  Invocation command line was

  $ ./configure 

## --------- ##
## Platform. ##
## --------- ##

hostname = mentat
uname -m = x86_64
uname -r = 3.5.0-27-generic
uname -s = Linux
uname -v = #46-Ubuntu SMP Mon Mar 25 19:58:17 UTC 2013

/usr/bin/uname -p = unknown
/bin/uname -X     = unknown

/bin/arch              = unknown
/usr/bin/arch -k       = unknown
/usr/convex/getsysinfo = unknown
/usr/bin/hostinfo      = unknown
/bin/machine           = unknown
/usr/bin/oslevel       = unknown
/bin/universe          = unknown

PATH: /home/michal/.rvm/gems/ruby-2.0.0-p353@WorkoutGame/bin
PATH: /home/michal/.rvm/gems/ruby-2.0.0-p353@global/bin
PATH: /home/michal/.rvm/rubies/ruby-2.0.0-p353/bin
PATH: /usr/local/heroku/bin
PATH: /usr/lib/lightdm/lightdm
PATH: /usr/local/sbin
PATH: /usr/local/bin
PATH: /usr/sbin
PATH: /usr/bin
PATH: /sbin
PATH: /bin
PATH: /usr/games
PATH: /usr/local/games
PATH: /home/michal/Bin
PATH: /home/michal/.rvm/bin


## ----------- ##
## Core tests. ##
## ----------- ##

configure:1785: checking for a BSD-compatible install
configure:1841: result: /usr/bin/install -c
configure:1852: checking whether build environment is sane
configure:1895: result: yes
configure:1923: checking for a thread-safe mkdir -p
configure:1962: result: /bin/mkdir -p
configure:1975: checking for gawk
configure:1991: found /usr/bin/gawk
configure:2002: result: gawk
configure:2013: checking whether make sets $(MAKE)
configure:2034: result: yes
configure:2275: checking for gcc
configure:2291: found /usr/bin/gcc
configure:2302: result: gcc
configure:2540: checking for C compiler version
configure:2547: gcc --version >&5
gcc (Ubuntu/Linaro 4.7.2-2ubuntu1) 4.7.2
Copyright (C) 2012 Free Software Foundation, Inc.
This is free software; see the source for copying conditions.  There is NO
warranty; not even for MERCHANTABILITY or FITNESS FOR A PARTICULAR PURPOSE.

configure:2550: $? = 0
configure:2557: gcc -v >&5
Using built-in specs.
COLLECT_GCC=gcc
COLLECT_LTO_WRAPPER=/usr/lib/gcc/x86_64-linux-gnu/4.7/lto-wrapper
Target: x86_64-linux-gnu
Configured with: ../src/configure -v --with-pkgversion='Ubuntu/Linaro 4.7.2-2ubuntu1' --with-bugurl=file:///usr/share/doc/gcc-4.7/README.Bugs --enable-languages=c,c++,go,fortran,objc,obj-c++ --prefix=/usr --program-suffix=-4.7 --enable-shared --enable-linker-build-id --with-system-zlib --libexecdir=/usr/lib --without-included-gettext --enable-threads=posix --with-gxx-include-dir=/usr/include/c++/4.7 --libdir=/usr/lib --enable-nls --with-sysroot=/ --enable-clocale=gnu --enable-libstdcxx-debug --enable-libstdcxx-time=yes --enable-gnu-unique-object --enable-plugin --enable-objc-gc --disable-werror --with-arch-32=i686 --with-tune=generic --enable-checking=release --build=x86_64-linux-gnu --host=x86_64-linux-gnu --target=x86_64-linux-gnu
Thread model: posix
gcc version 4.7.2 (Ubuntu/Linaro 4.7.2-2ubuntu1) 
configure:2560: $? = 0
configure:2567: gcc -V >&5
gcc: error: unrecognized command line option '-V'
gcc: fatal error: no input files
compilation terminated.
configure:2570: $? = 4
configure:2593: checking for C compiler default output file name
configure:2620: gcc    conftest.c  >&5
configure:2623: $? = 0
configure:2661: result: a.out
configure:2678: checking whether the C compiler works
configure:2688: ./a.out
configure:2691: $? = 0
configure:2708: result: yes
configure:2715: checking whether we are cross compiling
configure:2717: result: no
configure:2720: checking for suffix of executables
configure:2727: gcc -o conftest    conftest.c  >&5
configure:2730: $? = 0
configure:2754: result: 
configure:2760: checking for suffix of object files
configure:2786: gcc -c   conftest.c >&5
configure:2789: $? = 0
configure:2812: result: o
configure:2816: checking whether we are using the GNU C compiler
configure:2845: gcc -c   conftest.c >&5
configure:2851: $? = 0
configure:2868: result: yes
configure:2873: checking whether gcc accepts -g
configure:2903: gcc -c -g  conftest.c >&5
configure:2909: $? = 0
configure:3008: result: yes
configure:3025: checking for gcc option to accept ISO C89
configure:3099: gcc  -c -g -O2  conftest.c >&5
configure:3105: $? = 0
configure:3128: result: none needed
configure:3157: checking for style of include used by make
configure:3185: result: GNU
configure:3210: checking dependency style of gcc
configure:3301: result: gcc3
configure:3328: checking for XCopyArea in -lX11
configure:3363: gcc -o conftest -g -O2   conftest.c -lX11   >&5
configure:3369: $? = 0
configure:3387: result: yes
configure:3409: checking for XawDialogAddButton in -lXaw
configure:3444: gcc -o conftest -g -O2   conftest.c -lXaw  -lX11  >&5
/usr/bin/ld: cannot find -lXaw
collect2: error: ld returned 1 exit status
configure:3450: $? = 1
configure: failed program was:
| /* confdefs.h.  */
| #define PACKAGE_NAME "tsim"
| #define PACKAGE_TARNAME "tsim"
| #define PACKAGE_VERSION "0.84"
| #define PACKAGE_STRING "tsim 0.84"
| #define PACKAGE_BUGREPORT "staffan.bjornesjo@gmail.com"
| #define PACKAGE "tsim"
| #define VERSION "0.84"
| #define HAVE_LIBX11 1
| /* end confdefs.h.  */
| 
| /* Override any GCC internal prototype to avoid an error.
|    Use char because int might match the return type of a GCC
|    builtin and then its argument prototype would still apply.  */
| #ifdef __cplusplus
| extern "C"
| #endif
| char XawDialogAddButton ();
| int
| main ()
| {
| return XawDialogAddButton ();
|   ;
|   return 0;
| }
configure:3468: result: no
configure:3483: WARNING: Xaw library is missing.
configure:3490: checking for XShapeQueryExtension in -lXext
configure:3525: gcc -o conftest -g -O2   conftest.c -lXext  -lX11  >&5
/usr/bin/ld: cannot find -lXext
collect2: error: ld returned 1 exit status
configure:3531: $? = 1
configure: failed program was:
| /* confdefs.h.  */
| #define PACKAGE_NAME "tsim"
| #define PACKAGE_TARNAME "tsim"
| #define PACKAGE_VERSION "0.84"
| #define PACKAGE_STRING "tsim 0.84"
| #define PACKAGE_BUGREPORT "staffan.bjornesjo@gmail.com"
| #define PACKAGE "tsim"
| #define VERSION "0.84"
| #define HAVE_LIBX11 1
| /* end confdefs.h.  */
| 
| /* Override any GCC internal prototype to avoid an error.
|    Use char because int might match the return type of a GCC
|    builtin and then its argument prototype would still apply.  */
| #ifdef __cplusplus
| extern "C"
| #endif
| char XShapeQueryExtension ();
| int
| main ()
| {
| return XShapeQueryExtension ();
|   ;
|   return 0;
| }
configure:3549: result: no
configure:3564: WARNING: Xext library is missing.
configure:3571: checking for XmuCreatePixmapFromBitmap in -lXmu
configure:3606: gcc -o conftest -g -O2   conftest.c -lXmu  -lX11  >&5
/usr/bin/ld: cannot find -lXmu
collect2: error: ld returned 1 exit status
configure:3612: $? = 1
configure: failed program was:
| /* confdefs.h.  */
| #define PACKAGE_NAME "tsim"
| #define PACKAGE_TARNAME "tsim"
| #define PACKAGE_VERSION "0.84"
| #define PACKAGE_STRING "tsim 0.84"
| #define PACKAGE_BUGREPORT "staffan.bjornesjo@gmail.com"
| #define PACKAGE "tsim"
| #define VERSION "0.84"
| #define HAVE_LIBX11 1
| /* end confdefs.h.  */
| 
| /* Override any GCC internal prototype to avoid an error.
|    Use char because int might match the return type of a GCC
|    builtin and then its argument prototype would still apply.  */
| #ifdef __cplusplus
| extern "C"
| #endif
| char XmuCreatePixmapFromBitmap ();
| int
| main ()
| {
| return XmuCreatePixmapFromBitmap ();
|   ;
|   return 0;
| }
configure:3630: result: no
configure:3645: WARNING: Xmu library is missing.
configure:3652: checking for XtCreateWindow in -lXt
configure:3687: gcc -o conftest -g -O2   conftest.c -lXt  -lX11  >&5
configure:3693: $? = 0
configure:3711: result: yes
configure:3733: WARNING: One or more required libraries appears to be missing (see above). The compilation will probably fail. Make sure you have the libraries (and headers) installed.
configure:3743: checking how to run the C preprocessor
configure:3783: gcc -E  conftest.c
configure:3789: $? = 0
configure:3820: gcc -E  conftest.c
conftest.c:12:28: fatal error: ac_nonexistent.h: No such file or directory
compilation terminated.
configure:3826: $? = 1
configure: failed program was:
| /* confdefs.h.  */
| #define PACKAGE_NAME "tsim"
| #define PACKAGE_TARNAME "tsim"
| #define PACKAGE_VERSION "0.84"
| #define PACKAGE_STRING "tsim 0.84"
| #define PACKAGE_BUGREPORT "staffan.bjornesjo@gmail.com"
| #define PACKAGE "tsim"
| #define VERSION "0.84"
| #define HAVE_LIBX11 1
| #define HAVE_LIBXT 1
| /* end confdefs.h.  */
| #include <ac_nonexistent.h>
configure:3859: result: gcc -E
configure:3888: gcc -E  conftest.c
configure:3894: $? = 0
configure:3925: gcc -E  conftest.c
conftest.c:12:28: fatal error: ac_nonexistent.h: No such file or directory
compilation terminated.
configure:3931: $? = 1
configure: failed program was:
| /* confdefs.h.  */
| #define PACKAGE_NAME "tsim"
| #define PACKAGE_TARNAME "tsim"
| #define PACKAGE_VERSION "0.84"
| #define PACKAGE_STRING "tsim 0.84"
| #define PACKAGE_BUGREPORT "staffan.bjornesjo@gmail.com"
| #define PACKAGE "tsim"
| #define VERSION "0.84"
| #define HAVE_LIBX11 1
| #define HAVE_LIBXT 1
| /* end confdefs.h.  */
| #include <ac_nonexistent.h>
configure:3969: checking for X
configure:4084: gcc -E  conftest.c
configure:4090: $? = 0
configure:4139: gcc -o conftest -g -O2   conftest.c -lX11 -lXt -lX11  >&5
configure:4145: $? = 0
configure:4204: result: libraries , headers 
configure:4216: checking for dirent.h that defines DIR
configure:4245: gcc -c -g -O2  conftest.c >&5
configure:4251: $? = 0
configure:4267: result: yes
configure:4280: checking for library containing opendir
configure:4321: gcc -o conftest -g -O2   conftest.c -lXt -lX11  >&5
configure:4327: $? = 0
configure:4355: result: none required
configure:4449: checking for grep that handles long lines and -e
configure:4523: result: /bin/grep
configure:4528: checking for egrep
configure:4606: result: /bin/grep -E
configure:4611: checking for ANSI C header files
configure:4641: gcc -c -g -O2  conftest.c >&5
configure:4647: $? = 0
configure:4746: gcc -o conftest -g -O2   conftest.c -lXt -lX11  >&5
configure:4749: $? = 0
configure:4755: ./conftest
configure:4758: $? = 0
configure:4775: result: yes
configure:4785: checking for sys/wait.h that is POSIX.1 compatible
configure:4821: gcc -c -g -O2  conftest.c >&5
configure:4827: $? = 0
configure:4842: result: yes
configure:4866: checking for sys/types.h
configure:4887: gcc -c -g -O2  conftest.c >&5
configure:4893: $? = 0
configure:4909: result: yes
configure:4866: checking for sys/stat.h
configure:4887: gcc -c -g -O2  conftest.c >&5
configure:4893: $? = 0
configure:4909: result: yes
configure:4866: checking for stdlib.h
configure:4887: gcc -c -g -O2  conftest.c >&5
configure:4893: $? = 0
configure:4909: result: yes
configure:4866: checking for string.h
configure:4887: gcc -c -g -O2  conftest.c >&5
configure:4893: $? = 0
configure:4909: result: yes
configure:4866: checking for memory.h
configure:4887: gcc -c -g -O2  conftest.c >&5
configure:4893: $? = 0
configure:4909: result: yes
configure:4866: checking for strings.h
configure:4887: gcc -c -g -O2  conftest.c >&5
configure:4893: $? = 0
configure:4909: result: yes
configure:4866: checking for inttypes.h
configure:4887: gcc -c -g -O2  conftest.c >&5
configure:4893: $? = 0
configure:4909: result: yes
configure:4866: checking for stdint.h
configure:4887: gcc -c -g -O2  conftest.c >&5
configure:4893: $? = 0
configure:4909: result: yes
configure:4866: checking for unistd.h
configure:4887: gcc -c -g -O2  conftest.c >&5
configure:4893: $? = 0
configure:4909: result: yes
configure:4933: checking for stdlib.h
configure:4939: result: yes
configure:4933: checking for string.h
configure:4939: result: yes
configure:4933: checking for strings.h
configure:4939: result: yes
configure:4943: checking sys/ioctl.h usability
configure:4960: gcc -c -g -O2  conftest.c >&5
configure:4966: $? = 0
configure:4980: result: yes
configure:4984: checking sys/ioctl.h presence
configure:4999: gcc -E  conftest.c
configure:5005: $? = 0
configure:5019: result: yes
configure:5052: checking for sys/ioctl.h
configure:5060: result: yes
configure:4943: checking sys/param.h usability
configure:4960: gcc -c -g -O2  conftest.c >&5
configure:4966: $? = 0
configure:4980: result: yes
configure:4984: checking sys/param.h presence
configure:4999: gcc -E  conftest.c
configure:5005: $? = 0
configure:5019: result: yes
configure:5052: checking for sys/param.h
configure:5060: result: yes
configure:4933: checking for unistd.h
configure:4939: result: yes
configure:4943: checking X11/Xaw/Toggle.h usability
configure:4960: gcc -c -g -O2  conftest.c >&5
conftest.c:63:28: fatal error: X11/Xaw/Toggle.h: No such file or directory
compilation terminated.
configure:4966: $? = 1
configure: failed program was:
| /* confdefs.h.  */
| #define PACKAGE_NAME "tsim"
| #define PACKAGE_TARNAME "tsim"
| #define PACKAGE_VERSION "0.84"
| #define PACKAGE_STRING "tsim 0.84"
| #define PACKAGE_BUGREPORT "staffan.bjornesjo@gmail.com"
| #define PACKAGE "tsim"
| #define VERSION "0.84"
| #define HAVE_LIBX11 1
| #define HAVE_LIBXT 1
| #define HAVE_DIRENT_H 1
| #define STDC_HEADERS 1
| #define HAVE_SYS_WAIT_H 1
| #define HAVE_SYS_TYPES_H 1
| #define HAVE_SYS_STAT_H 1
| #define HAVE_STDLIB_H 1
| #define HAVE_STRING_H 1
| #define HAVE_MEMORY_H 1
| #define HAVE_STRINGS_H 1
| #define HAVE_INTTYPES_H 1
| #define HAVE_STDINT_H 1
| #define HAVE_UNISTD_H 1
| #define HAVE_STDLIB_H 1
| #define HAVE_STRING_H 1
| #define HAVE_STRINGS_H 1
| #define HAVE_SYS_IOCTL_H 1
| #define HAVE_SYS_PARAM_H 1
| #define HAVE_UNISTD_H 1
| /* end confdefs.h.  */
| #include <stdio.h>
| #ifdef HAVE_SYS_TYPES_H
| # include <sys/types.h>
| #endif
| #ifdef HAVE_SYS_STAT_H
| # include <sys/stat.h>
| #endif
| #ifdef STDC_HEADERS
| # include <stdlib.h>
| # include <stddef.h>
| #else
| # ifdef HAVE_STDLIB_H
| #  include <stdlib.h>
| # endif
| #endif
| #ifdef HAVE_STRING_H
| # if !defined STDC_HEADERS && defined HAVE_MEMORY_H
| #  include <memory.h>
| # endif
| # include <string.h>
| #endif
| #ifdef HAVE_STRINGS_H
| # include <strings.h>
| #endif
| #ifdef HAVE_INTTYPES_H
| # include <inttypes.h>
| #endif
| #ifdef HAVE_STDINT_H
| # include <stdint.h>
| #endif
| #ifdef HAVE_UNISTD_H
| # include <unistd.h>
| #endif
| #include <X11/Xaw/Toggle.h>
configure:4980: result: no
configure:4984: checking X11/Xaw/Toggle.h presence
configure:4999: gcc -E  conftest.c
conftest.c:30:28: fatal error: X11/Xaw/Toggle.h: No such file or directory
compilation terminated.
configure:5005: $? = 1
configure: failed program was:
| /* confdefs.h.  */
| #define PACKAGE_NAME "tsim"
| #define PACKAGE_TARNAME "tsim"
| #define PACKAGE_VERSION "0.84"
| #define PACKAGE_STRING "tsim 0.84"
| #define PACKAGE_BUGREPORT "staffan.bjornesjo@gmail.com"
| #define PACKAGE "tsim"
| #define VERSION "0.84"
| #define HAVE_LIBX11 1
| #define HAVE_LIBXT 1
| #define HAVE_DIRENT_H 1
| #define STDC_HEADERS 1
| #define HAVE_SYS_WAIT_H 1
| #define HAVE_SYS_TYPES_H 1
| #define HAVE_SYS_STAT_H 1
| #define HAVE_STDLIB_H 1
| #define HAVE_STRING_H 1
| #define HAVE_MEMORY_H 1
| #define HAVE_STRINGS_H 1
| #define HAVE_INTTYPES_H 1
| #define HAVE_STDINT_H 1
| #define HAVE_UNISTD_H 1
| #define HAVE_STDLIB_H 1
| #define HAVE_STRING_H 1
| #define HAVE_STRINGS_H 1
| #define HAVE_SYS_IOCTL_H 1
| #define HAVE_SYS_PARAM_H 1
| #define HAVE_UNISTD_H 1
| /* end confdefs.h.  */
| #include <X11/Xaw/Toggle.h>
configure:5019: result: no
configure:5052: checking for X11/Xaw/Toggle.h
configure:5060: result: no
configure:5075: checking for an ANSI C-conforming const
configure:5150: gcc -c -g -O2  conftest.c >&5
configure:5156: $? = 0
configure:5171: result: yes
configure:5183: checking whether closedir returns void
configure:5217: gcc -o conftest -g -O2   conftest.c -lXt -lX11  >&5
configure:5220: $? = 0
configure:5226: ./conftest
configure:5229: $? = 0
configure:5245: result: no
configure:5255: checking for pid_t
configure:5285: gcc -c -g -O2  conftest.c >&5
configure:5291: $? = 0
configure:5306: result: yes
configure:5333: checking vfork.h usability
configure:5350: gcc -c -g -O2  conftest.c >&5
conftest.c:63:19: fatal error: vfork.h: No such file or directory
compilation terminated.
configure:5356: $? = 1
configure: failed program was:
| /* confdefs.h.  */
| #define PACKAGE_NAME "tsim"
| #define PACKAGE_TARNAME "tsim"
| #define PACKAGE_VERSION "0.84"
| #define PACKAGE_STRING "tsim 0.84"
| #define PACKAGE_BUGREPORT "staffan.bjornesjo@gmail.com"
| #define PACKAGE "tsim"
| #define VERSION "0.84"
| #define HAVE_LIBX11 1
| #define HAVE_LIBXT 1
| #define HAVE_DIRENT_H 1
| #define STDC_HEADERS 1
| #define HAVE_SYS_WAIT_H 1
| #define HAVE_SYS_TYPES_H 1
| #define HAVE_SYS_STAT_H 1
| #define HAVE_STDLIB_H 1
| #define HAVE_STRING_H 1
| #define HAVE_MEMORY_H 1
| #define HAVE_STRINGS_H 1
| #define HAVE_INTTYPES_H 1
| #define HAVE_STDINT_H 1
| #define HAVE_UNISTD_H 1
| #define HAVE_STDLIB_H 1
| #define HAVE_STRING_H 1
| #define HAVE_STRINGS_H 1
| #define HAVE_SYS_IOCTL_H 1
| #define HAVE_SYS_PARAM_H 1
| #define HAVE_UNISTD_H 1
| /* end confdefs.h.  */
| #include <stdio.h>
| #ifdef HAVE_SYS_TYPES_H
| # include <sys/types.h>
| #endif
| #ifdef HAVE_SYS_STAT_H
| # include <sys/stat.h>
| #endif
| #ifdef STDC_HEADERS
| # include <stdlib.h>
| # include <stddef.h>
| #else
| # ifdef HAVE_STDLIB_H
| #  include <stdlib.h>
| # endif
| #endif
| #ifdef HAVE_STRING_H
| # if !defined STDC_HEADERS && defined HAVE_MEMORY_H
| #  include <memory.h>
| # endif
| # include <string.h>
| #endif
| #ifdef HAVE_STRINGS_H
| # include <strings.h>
| #endif
| #ifdef HAVE_INTTYPES_H
| # include <inttypes.h>
| #endif
| #ifdef HAVE_STDINT_H
| # include <stdint.h>
| #endif
| #ifdef HAVE_UNISTD_H
| # include <unistd.h>
| #endif
| #include <vfork.h>
configure:5370: result: no
configure:5374: checking vfork.h presence
configure:5389: gcc -E  conftest.c
conftest.c:30:19: fatal error: vfork.h: No such file or directory
compilation terminated.
configure:5395: $? = 1
configure: failed program was:
| /* confdefs.h.  */
| #define PACKAGE_NAME "tsim"
| #define PACKAGE_TARNAME "tsim"
| #define PACKAGE_VERSION "0.84"
| #define PACKAGE_STRING "tsim 0.84"
| #define PACKAGE_BUGREPORT "staffan.bjornesjo@gmail.com"
| #define PACKAGE "tsim"
| #define VERSION "0.84"
| #define HAVE_LIBX11 1
| #define HAVE_LIBXT 1
| #define HAVE_DIRENT_H 1
| #define STDC_HEADERS 1
| #define HAVE_SYS_WAIT_H 1
| #define HAVE_SYS_TYPES_H 1
| #define HAVE_SYS_STAT_H 1
| #define HAVE_STDLIB_H 1
| #define HAVE_STRING_H 1
| #define HAVE_MEMORY_H 1
| #define HAVE_STRINGS_H 1
| #define HAVE_INTTYPES_H 1
| #define HAVE_STDINT_H 1
| #define HAVE_UNISTD_H 1
| #define HAVE_STDLIB_H 1
| #define HAVE_STRING_H 1
| #define HAVE_STRINGS_H 1
| #define HAVE_SYS_IOCTL_H 1
| #define HAVE_SYS_PARAM_H 1
| #define HAVE_UNISTD_H 1
| /* end confdefs.h.  */
| #include <vfork.h>
configure:5409: result: no
configure:5442: checking for vfork.h
configure:5450: result: no
configure:5468: checking for fork
configure:5524: gcc -o conftest -g -O2   conftest.c -lXt -lX11  >&5
conftest.c:53:6: warning: conflicting types for built-in function 'fork' [enabled by default]
configure:5530: $? = 0
configure:5548: result: yes
configure:5468: checking for vfork
configure:5524: gcc -o conftest -g -O2   conftest.c -lXt -lX11  >&5
configure:5530: $? = 0
configure:5548: result: yes
configure:5559: checking for working fork
configure:5591: gcc -o conftest -g -O2   conftest.c -lXt -lX11  >&5
configure:5594: $? = 0
configure:5600: ./conftest
configure:5603: $? = 0
configure:5619: result: yes
configure:5640: checking for working vfork
configure:5778: result: yes
configure:5810: checking whether gcc needs -traditional
configure:5852: result: no
configure:5864: checking for stdlib.h
configure:5870: result: yes
configure:6004: checking for GNU libc compatible malloc
configure:6038: gcc -o conftest -g -O2   conftest.c -lXt -lX11  >&5
configure:6041: $? = 0
configure:6047: ./conftest
configure:6050: $? = 0
configure:6066: result: yes
configure:6094: checking whether lstat dereferences a symlink specified with a trailing slash
configure:6130: gcc -o conftest -g -O2   conftest.c -lXt -lX11  >&5
configure:6133: $? = 0
configure:6139: ./conftest
configure:6142: $? = 0
configure:6165: result: yes
configure:6184: checking whether stat accepts an empty string
configure:6214: gcc -o conftest -g -O2   conftest.c -lXt -lX11  >&5
configure:6217: $? = 0
configure:6223: ./conftest
configure:6226: $? = 0
configure:6242: result: no
configure:6258: checking for wait3 that fills in rusage
configure:6314: gcc -o conftest -g -O2   conftest.c -lXt -lX11  >&5
configure:6317: $? = 0
configure:6323: ./conftest
configure:6326: $? = 0
configure:6342: result: yes
configure:6358: checking for strcasecmp
configure:6414: gcc -o conftest -g -O2   conftest.c -lXt -lX11  >&5
conftest.c:61:6: warning: conflicting types for built-in function 'strcasecmp' [enabled by default]
configure:6420: $? = 0
configure:6438: result: yes
configure:6358: checking for strdup
configure:6414: gcc -o conftest -g -O2   conftest.c -lXt -lX11  >&5
conftest.c:62:6: warning: conflicting types for built-in function 'strdup' [enabled by default]
configure:6420: $? = 0
configure:6438: result: yes
configure:6358: checking for strstr
configure:6414: gcc -o conftest -g -O2   conftest.c -lXt -lX11  >&5
conftest.c:63:6: warning: conflicting types for built-in function 'strstr' [enabled by default]
configure:6420: $? = 0
configure:6438: result: yes
configure:6566: creating ./config.status

## ---------------------- ##
## Running config.status. ##
## ---------------------- ##

This file was extended by tsim config.status 0.84, which was
generated by GNU Autoconf 2.61.  Invocation command line was

  CONFIG_FILES    = 
  CONFIG_HEADERS  = 
  CONFIG_LINKS    = 
  CONFIG_COMMANDS = 
  $ ./config.status 

on mentat

config.status:641: creating Makefile
config.status:641: creating bitmaps/Makefile
config.status:641: creating bitmaps/customBitmaps/Makefile
config.status:641: creating maps/Makefile
config.status:641: creating sounds/Makefile
config.status:641: creating src/Makefile
config.status:641: creating config.h
config.status:888: config.h is unchanged
config.status:935: executing depfiles commands

## ---------------- ##
## Cache variables. ##
## ---------------- ##

ac_cv_c_compiler_gnu=yes
ac_cv_c_const=yes
ac_cv_env_CC_set=
ac_cv_env_CC_value=
ac_cv_env_CFLAGS_set=
ac_cv_env_CFLAGS_value=
ac_cv_env_CPPFLAGS_set=
ac_cv_env_CPPFLAGS_value=
ac_cv_env_CPP_set=
ac_cv_env_CPP_value=
ac_cv_env_LDFLAGS_set=
ac_cv_env_LDFLAGS_value=
ac_cv_env_LIBS_set=
ac_cv_env_LIBS_value=
ac_cv_env_XMKMF_set=
ac_cv_env_XMKMF_value=
ac_cv_env_build_alias_set=
ac_cv_env_build_alias_value=
ac_cv_env_host_alias_set=
ac_cv_env_host_alias_value=
ac_cv_env_target_alias_set=
ac_cv_env_target_alias_value=
ac_cv_func_closedir_void=no
ac_cv_func_fork=yes
ac_cv_func_fork_works=yes
ac_cv_func_lstat_dereferences_slashed_symlink=yes
ac_cv_func_malloc_0_nonnull=yes
ac_cv_func_stat_empty_string_bug=no
ac_cv_func_strcasecmp=yes
ac_cv_func_strdup=yes
ac_cv_func_strstr=yes
ac_cv_func_vfork=yes
ac_cv_func_vfork_works=yes
ac_cv_func_wait3_rusage=yes
ac_cv_have_x='have_x=yes	ac_x_includes='\'''\''	ac_x_libraries='\'''\'''
ac_cv_header_X11_Xaw_Toggle_h=no
ac_cv_header_dirent_dirent_h=yes
ac_cv_header_inttypes_h=yes
ac_cv_header_memory_h=yes
ac_cv_header_stdc=yes
ac_cv_header_stdint_h=yes
ac_cv_header_stdlib_h=yes
ac_cv_header_string_h=yes
ac_cv_header_strings_h=yes
ac_cv_header_sys_ioctl_h=yes
ac_cv_header_sys_param_h=yes
ac_cv_header_sys_stat_h=yes
ac_cv_header_sys_types_h=yes
ac_cv_header_sys_wait_h=yes
ac_cv_header_unistd_h=yes
ac_cv_header_vfork_h=no
ac_cv_lib_X11_XCopyArea=yes
ac_cv_lib_Xaw_XawDialogAddButton=no
ac_cv_lib_Xext_XShapeQueryExtension=no
ac_cv_lib_Xmu_XmuCreatePixmapFromBitmap=no
ac_cv_lib_Xt_XtCreateWindow=yes
ac_cv_objext=o
ac_cv_path_EGREP='/bin/grep -E'
ac_cv_path_GREP=/bin/grep
ac_cv_path_install='/usr/bin/install -c'
ac_cv_path_mkdir=/bin/mkdir
ac_cv_prog_AWK=gawk
ac_cv_prog_CPP='gcc -E'
ac_cv_prog_ac_ct_CC=gcc
ac_cv_prog_cc_c89=
ac_cv_prog_cc_g=yes
ac_cv_prog_gcc_traditional=no
ac_cv_prog_make_make_set=yes
ac_cv_search_opendir='none required'
ac_cv_type_pid_t=yes
am_cv_CC_dependencies_compiler_type=gcc3

## ----------------- ##
## Output variables. ##
## ----------------- ##

ACLOCAL='${SHELL} /home/michal/Code/concurrent-programming/lab1/tsim-0.84/missing --run aclocal-1.10'
AMDEPBACKSLASH='\'
AMDEP_FALSE='#'
AMDEP_TRUE=''
AMTAR='${SHELL} /home/michal/Code/concurrent-programming/lab1/tsim-0.84/missing --run tar'
AUTOCONF='${SHELL} /home/michal/Code/concurrent-programming/lab1/tsim-0.84/missing --run autoconf'
AUTOHEADER='${SHELL} /home/michal/Code/concurrent-programming/lab1/tsim-0.84/missing --run autoheader'
AUTOMAKE='${SHELL} /home/michal/Code/concurrent-programming/lab1/tsim-0.84/missing --run automake-1.10'
AWK='gawk'
CC='gcc'
CCDEPMODE='depmode=gcc3'
CFLAGS='-g -O2'
CPP='gcc -E'
CPPFLAGS=''
CYGPATH_W='echo'
DEFS='-DHAVE_CONFIG_H'
DEPDIR='.deps'
ECHO_C=''
ECHO_N='-n'
ECHO_T=''
EGREP='/bin/grep -E'
EXEEXT=''
GREP='/bin/grep'
INSTALL_DATA='${INSTALL} -m 644'
INSTALL_PROGRAM='${INSTALL}'
INSTALL_SCRIPT='${INSTALL}'
INSTALL_STRIP_PROGRAM='$(install_sh) -c -s'
LDFLAGS=''
LIBOBJS=''
LIBS='-lXt -lX11 '
LTLIBOBJS=''
MAKEINFO='${SHELL} /home/michal/Code/concurrent-programming/lab1/tsim-0.84/missing --run makeinfo'
OBJEXT='o'
PACKAGE='tsim'
PACKAGE_BUGREPORT='staffan.bjornesjo@gmail.com'
PACKAGE_NAME='tsim'
PACKAGE_STRING='tsim 0.84'
PACKAGE_TARNAME='tsim'
PACKAGE_VERSION='0.84'
PATH_SEPARATOR=':'
SET_MAKE=''
SHELL='/bin/bash'
STRIP=''
VERSION='0.84'
XMKMF=''
ac_ct_CC='gcc'
am__fastdepCC_FALSE='#'
am__fastdepCC_TRUE=''
am__include='include'
am__isrc=''
am__leading_dot='.'
am__quote=''
am__tar='${AMTAR} chof - "$$tardir"'
am__untar='${AMTAR} xf -'
bindir='${exec_prefix}/bin'
build_alias=''
datadir='${datarootdir}'
datarootdir='${prefix}/share'
docdir='${datarootdir}/doc/${PACKAGE_TARNAME}'
dvidir='${docdir}'
exec_prefix='${prefix}'
host_alias=''
htmldir='${docdir}'
includedir='${prefix}/include'
infodir='${datarootdir}/info'
install_sh='$(SHELL) /home/michal/Code/concurrent-programming/lab1/tsim-0.84/install-sh'
libdir='${exec_prefix}/lib'
libexecdir='${exec_prefix}/libexec'
localedir='${datarootdir}/locale'
localstatedir='${prefix}/var'
mandir='${datarootdir}/man'
mkdir_p='/bin/mkdir -p'
oldincludedir='/usr/include'
pdfdir='${docdir}'
prefix='/usr/local'
program_transform_name='s,x,x,'
psdir='${docdir}'
sbindir='${exec_prefix}/sbin'
sharedstatedir='${prefix}/com'
sysconfdir='${prefix}/etc'
target_alias=''

## ----------- ##
## confdefs.h. ##
## ----------- ##

#define PACKAGE_NAME "tsim"
#define PACKAGE_TARNAME "tsim"
#define PACKAGE_VERSION "0.84"
#define PACKAGE_STRING "tsim 0.84"
#define PACKAGE_BUGREPORT "staffan.bjornesjo@gmail.com"
#define PACKAGE "tsim"
#define VERSION "0.84"
#define HAVE_LIBX11 1
#define HAVE_LIBXT 1
#define HAVE_DIRENT_H 1
#define STDC_HEADERS 1
#define HAVE_SYS_WAIT_H 1
#define HAVE_SYS_TYPES_H 1
#define HAVE_SYS_STAT_H 1
#define HAVE_STDLIB_H 1
#define HAVE_STRING_H 1
#define HAVE_MEMORY_H 1
#define HAVE_STRINGS_H 1
#define HAVE_INTTYPES_H 1
#define HAVE_STDINT_H 1
#define HAVE_UNISTD_H 1
#define HAVE_STDLIB_H 1
#define HAVE_STRING_H 1
#define HAVE_STRINGS_H 1
#define HAVE_SYS_IOCTL_H 1
#define HAVE_SYS_PARAM_H 1
#define HAVE_UNISTD_H 1
#define HAVE_FORK 1
#define HAVE_VFORK 1
#define HAVE_WORKING_VFORK 1
#define HAVE_WORKING_FORK 1
#define HAVE_STDLIB_H 1
#define HAVE_MALLOC 1
#define LSTAT_FOLLOWS_SLASHED_SYMLINK 1
#define HAVE_WAIT3 1
#define HAVE_STRCASECMP 1
#define HAVE_STRDUP 1
#define HAVE_STRSTR 1

configure: exit 0
