 --- OK.
Fluents=42
Operators=75

================================================
;; PROBE searching...
================================================
[0] [1] [2] [3] [4] [5] [6] [7] [8] [9] [10] [11] [12] [13] [14] [15] 
================================================
;; SOLUTION 1
;;	 Plan cost: 920.000000, steps: 16
;;	 Time: 0.004
================================================

================================================
;; WA*, h_add_RP, w = 5.000, bound = 920.000
================================================
;; Minimum h value: 14.000
;; Minimum h value: 13.000
;; Minimum h value: 12.000
;; Minimum h value: 11.000
;; Minimum h value: 10.000
;; Minimum h value: 8.000
;; Minimum h value: 7.000
;; Minimum h value: 5.000
;; Minimum h value: 4.000
;; Minimum h value: 3.000
;; Minimum h value: 2.000
