-----------------------------------------------------

The supplied domain/problem file appear to violate part of the PDDL
language specification.  Specifically:

The planner will continue, but you may wish to fix your files accordingly
terminate called after throwing an instance of 'std::bad_alloc'
  what():  std::bad_alloc
Warnings encountered when parsing Domain/Problem File

Errors: 0, warnings: 19
../../domain/domain.pddl: line: 51: Warning: Undeclared requirement :fluents 
../../domain/domain.pddl: line: 67: Warning: Undeclared requirement :fluents 
../../domain/domain.pddl: line: 83: Warning: Undeclared requirement :fluents 
../../domain/domain.pddl: line: 101: Warning: Undeclared requirement :fluents 
../../domain/domain.pddl: line: 118: Warning: Undeclared requirement :fluents 
../../domain/domain.pddl: line: 135: Warning: Undeclared requirement :fluents 
../../domain/domain.pddl: line: 151: Warning: Undeclared requirement :fluents 
../../domain/domain.pddl: line: 166: Warning: Undeclared requirement :fluents 
../../domain/domain.pddl: line: 181: Warning: Undeclared requirement :fluents 
../../domain/domain.pddl: line: 197: Warning: Undeclared requirement :fluents 
../../domain/domain.pddl: line: 212: Warning: Undeclared requirement :fluents 
../../domain/domain.pddl: line: 227: Warning: Undeclared requirement :fluents 
../../domain/domain.pddl: line: 240: Warning: Undeclared requirement :fluents 
../../domain/domain.pddl: line: 253: Warning: Undeclared requirement :fluents 
../../domain/domain.pddl: line: 266: Warning: Undeclared requirement :fluents 
../../domain/domain.pddl: line: 279: Warning: Undeclared requirement :fluents 
../../domain/domain.pddl: line: 291: Warning: Undeclared requirement :fluents 
../../domain/domain.pddl: line: 304: Warning: Undeclared requirement :fluents 
../../problems/p02.pddl: line: 20: Warning: Undeclared requirement :fluents 
Number of literals: 56
Constructing lookup tables: [10%] [20%] [30%] [40%] [50%] [60%] [70%] [80%] [90%] [100%]
Post filtering unreachable actions:  [10%] [20%] [30%] [40%] [50%] [60%] [70%] [80%] [90%] [100%]
Recognised a monotonic-change-induced limit on -1.000*var0(total-cost)
- Must be >=  the metric
[01;31mLooking for achievers for goal index 0, fact (isonoutputpile b0) with fID 22[00m
 (unload_board_basic r b0 t1) (unload_board_basic r b0 t2) (unload_board_advanced r b0 t1) (unload_board_advanced r b0 t2) (unload_board_expert r b0 t1) (unload_board_expert r b0 t2)
[01;34mFor limits: literal goal index 0, fact (isonoutputpile b0), could be achieved by operator (unload_board_basic r b0 t1), which has other interesting effects (including one on (tableisfree t1) )[00m
[01;31mLooking for achievers for goal index 1, fact (isonoutputpile b1) with fID 23[00m
 (unload_board_basic r b1 t1) (unload_board_basic r b1 t2) (unload_board_advanced r b1 t1) (unload_board_advanced r b1 t2) (unload_board_expert r b1 t1) (unload_board_expert r b1 t2)
[01;34mFor limits: literal goal index 1, fact (isonoutputpile b1), could be achieved by operator (unload_board_basic r b1 t1), which has other interesting effects (including one on (tableisfree t1) )[00m
[01;31mLooking for achievers for goal index 2, fact (isonoutputpile b2) with fID 24[00m
 (unload_board_basic r b2 t1) (unload_board_basic r b2 t2) (unload_board_advanced r b2 t1) (unload_board_advanced r b2 t2) (unload_board_expert r b2 t1) (unload_board_expert r b2 t2)
[01;34mFor limits: literal goal index 2, fact (isonoutputpile b2), could be achieved by operator (unload_board_basic r b2 t1), which has other interesting effects (including one on (tableisfree t1) )[00m
[01;31mLooking for achievers for goal index 3, fact (boardhasshape b0 circle) with fID 37[00m
 (cut_board_basic r b0 circle) (cut_board_advanced r b0 circle) (cut_board_expert r b0 circle)
[01;34mFor limits: literal goal index 3, fact (boardhasshape b0 circle), could be achieved by operator (cut_board_basic r b0 circle), which has other interesting effects (including one on (iscut b0) )[00m
[01;31mLooking for achievers for goal index 4, fact (boardhascolor b0 red) with fID 31[00m
 (brush_board_basic r b0 red) (brush_board_advanced r b0 red) (brush_board_expert r b0 red)
[01;34mFor limits: literal goal index 4, fact (boardhascolor b0 red), could be achieved by operator (brush_board_basic r b0 red), which has other interesting effects (including one on (iscolored b0) )[00m
[01;31mLooking for achievers for goal index 5, fact (boardhasshape b1 triangle) with fID 50[00m
 (cut_board_basic r b1 triangle) (cut_board_advanced r b1 triangle) (cut_board_expert r b1 triangle)
[01;34mFor limits: literal goal index 5, fact (boardhasshape b1 triangle), could be achieved by operator (cut_board_basic r b1 triangle), which has other interesting effects (including one on (iscut b1) )[00m
[01;31mLooking for achievers for goal index 6, fact (boardhascolor b1 yellow) with fID 35[00m
 (brush_board_basic r b1 yellow) (brush_board_advanced r b1 yellow) (brush_board_expert r b1 yellow)
[01;34mFor limits: literal goal index 6, fact (boardhascolor b1 yellow), could be achieved by operator (brush_board_basic r b1 yellow), which has other interesting effects (including one on (iscolored b1) )[00m
[01;31mLooking for achievers for goal index 7, fact (boardhasshape b2 square) with fID 48[00m
 (cut_board_basic r b2 square) (cut_board_advanced r b2 square) (cut_board_expert r b2 square)
[01;34mFor limits: literal goal index 7, fact (boardhasshape b2 square), could be achieved by operator (cut_board_basic r b2 square), which has other interesting effects (including one on (iscut b2) )[00m
[01;31mLooking for achievers for goal index 8, fact (boardhascolor b2 yellow) with fID 36[00m
 (brush_board_basic r b2 yellow) (brush_board_advanced r b2 yellow) (brush_board_expert r b2 yellow)
[01;34mFor limits: literal goal index 8, fact (boardhascolor b2 yellow), could be achieved by operator (brush_board_basic r b2 yellow), which has other interesting effects (including one on (iscolored b2) )[00m
Initial heuristic = 19.000
b (18.000 | 0.000)b (17.000 | 0.000)b (15.000 | 0.002)b (13.000 | 0.002)b (11.000 | 0.005)b (9.000 | 0.005)b (8.000 | 0.007)b (7.000 | 0.007)b (6.000 | 0.008)b (5.000 | 0.010)b (4.000 | 0.011)b (2.000 | 0.013)b (1.000 | 0.014)


 - Opening plan file p02.solution.1
; Plan found with metric 1340.000

Resorting to best-first search
b (18.000 | 0.000)b (17.000 | 0.000)b (15.000 | 0.002)b (14.000 | 0.002)b (12.000 | 0.005)b (10.000 | 0.005)b (9.000 | 0.007)b (8.000 | 0.007)b (7.000 | 0.008)b (5.000 | 0.010)b (4.000 | 0.011)b (2.000 | 0.013)b (1.000 | 0.014)-------------------------------------------------------
popf2.p02.runtime: 00:05:10.089
