[SCRIPT] 1. Running LAMA translator
../../domain/domain.pddl ../../problems/p04.pddl
Parsing... [0.010s CPU, 0.029s wall-clock]
Instantiating...
Normalizing task... [0.000s CPU, 0.000s wall-clock]
Generating Datalog program... [0.000s CPU, 0.001s wall-clock]
Normalizing Datalog program...
Normalizing Datalog program: [0.010s CPU, 0.004s wall-clock]
Preparing model... [0.000s CPU, 0.002s wall-clock]
Generated 109 rules.
Computing model... [0.010s CPU, 0.008s wall-clock]
305 relevant atoms
216 auxiliary atoms
521 final queue length
788 total queue pushes
Completing instantiation... [0.010s CPU, 0.009s wall-clock]
Instantiating: [0.030s CPU, 0.025s wall-clock]
Computing fact groups...
Finding invariants... 37 initial candidates
[0.000s CPU, 0.002s wall-clock]
Checking invariant weight... [0.000s CPU, 0.001s wall-clock]
Instantiating groups... [0.000s CPU, 0.001s wall-clock]
Collecting mutex groups... [0.000s CPU, 0.000s wall-clock]
Choosing groups...
10 uncovered facts
Choosing groups: [0.000s CPU, 0.001s wall-clock]
Building translation key... [0.000s CPU, 0.000s wall-clock]
Computing fact groups: [0.000s CPU, 0.005s wall-clock]
Building STRIPS to SAS dictionary... [0.000s CPU, 0.000s wall-clock]
Building dictionary for full mutex groups... [0.000s CPU, 0.000s wall-clock]
Translating task...
Processing axioms...
Simplifying axioms... [0.000s CPU, 0.000s wall-clock]
Processing axioms: [0.010s CPU, 0.001s wall-clock]
Translating task: [0.010s CPU, 0.011s wall-clock]
0 implied effects removed
0 effect conditions simplified
0 implied preconditions added
Building mutex information... [0.000s CPU, 0.001s wall-clock]
Detecting unreachable propositions...
0 operators removed
19 propositions removed
Detecting unreachable propositions: [0.010s CPU, 0.002s wall-clock]
Writing translation key... [0.000s CPU, 0.000s wall-clock]
Writing mutex key... [0.000s CPU, 0.001s wall-clock]
Writing output... [0.000s CPU, 0.002s wall-clock]
Done! [0.060s CPU, 0.079s wall-clock]
 
[SCRIPT] 2. Running preprocessor
Building causal graph...
The causal graph is not acyclic.
29 variables of 29 necessary
171 of 171 operators necessary.
0 of 0 axiom rules necessary.
Building domain transition graphs...
solveable in poly time 0
Building successor generator...
Writing output...
done

[SCRIPT] 3. Copy to the pool
[INFO] Use 4 instances of stochastic searches
[Info] Search iteration 1
[Info] Using the following heuristic(s):
       FF heuristic with preferred operators
       Landmark heuristic with preferred operators
[LAMA] Best heuristic value: 2007/3350/30 priority: 0/0/0/0/0 [expanded 1 state(s)]
[LAMA] Best heuristic value: 1945/3289/29 priority: 0/998/0/999/999 [expanded 4 state(s)]
[LAMA] Best heuristic value: 1883/3228/28 priority: 0/1996/0/1997/1997 [expanded 7 state(s)]
[LAMA] Best heuristic value: 1883/2986/26 priority: 0/2989/0/2989/2990 [expanded 10 state(s)]
[LAMA] Best heuristic value: 1883/2866/26 priority: 0/3982/0/3983/3983 [expanded 19 state(s)]
[LAMA] Best heuristic value: 1883/2624/24 priority: 0/4975/0/4975/4976 [expanded 24 state(s)]
[LAMA] Best heuristic value: 1883/2382/22 priority: 0/5967/0/5967/5967 [expanded 28 state(s)]
[LAMA] Best heuristic value: 1883/2321/21 priority: 0/6961/0/6961/6962 [expanded 33 state(s)]
[LAMA] Best heuristic value: 1883/2260/20 priority: 0/7956/0/7956/7956 [expanded 36 state(s)]
[LAMA] Best heuristic value: 1883/2018/18 priority: 0/8949/0/8949/8950 [expanded 41 state(s)]
[LAMA] Best heuristic value: 1883/1837/17 priority: 0/9943/0/9943/9943 [expanded 48 state(s)]
[LAMA] Best heuristic value: 1883/1776/16 priority: 0/10937/0/10937/10938 [expanded 56 state(s)]
[LAMA] Best heuristic value: 1883/1715/15 priority: 0/11932/0/11932/11932 [expanded 61 state(s)]
[LAMA] Best heuristic value: 1883/1473/13 priority: 0/12925/0/12925/12926 [expanded 67 state(s)]
[LAMA] Best heuristic value: 1883/1111/11 priority: 0/13919/0/13919/13919 [expanded 72 state(s)]
[LAMA] Best heuristic value: 1883/1050/10 priority: 0/14913/0/14913/14914 [expanded 76 state(s)]
[LAMA] Best heuristic value: 1883/989/9 priority: 0/15908/0/15908/15908 [expanded 81 state(s)]
[LAMA] Best heuristic value: 1611/989/9 priority: 0/16908/0/16908/16909 [expanded 82 state(s)]
[LAMA] Best heuristic value: 1153/627/7 priority: 0/17905/0/17906/17906 [expanded 86 state(s)]
[LAMA] Best heuristic value: 905/627/7 priority: 0/18905/0/18905/18906 [expanded 88 state(s)]
[LAMA] Best heuristic value: 256/506/6 priority: 0/19904/0/19905/19905 [expanded 89 state(s)]
[LAMA] Best heuristic value: 255/495/5 priority: 0/20905/0/20905/20906 [expanded 90 state(s)]
[LAMA] Best heuristic value: 245/495/5 priority: 0/21906/0/21906/21906 [expanded 91 state(s)]
[LAMA] Best heuristic value: 224/434/4 priority: 0/22904/0/22904/22904 [expanded 94 state(s)]
[LAMA] Best heuristic value: 214/434/4 priority: 0/23904/0/23905/23905 [expanded 95 state(s)]
[LAMA] Best heuristic value: 32/72/2 priority: 0/24901/0/24902/24902 [expanded 98 state(s)]
[LAMA] Best heuristic value: 31/61/1 priority: 0/25902/0/25902/25903 [expanded 99 state(s)]
[LAMA] Solution found!
Plan length: 38 step(s), cost: 2280.
Expanded 100 state(s).
Generated 386 state(s).
Search time: 0.02 seconds
Total time: 0.03 seconds
[Info] Search iteration 2
[Info] Using the following heuristic(s):
       FF heuristic with preferred operators
       Landmark heuristic with preferred operators
Conducting weighted A* search, weight is 5, bound is 2280.
[LAMA] Best heuristic value: 2007/3350 priority: 0/0/0/0 [expanded 1 state(s)]
[LAMA] Best heuristic value: 1945/3289 priority: 0/993/1/994 [expanded 4 state(s)]
[LAMA] Best heuristic value: 1883/3289 priority: 1/1987/1/1987 [expanded 7 state(s)]
[LAMA] Best heuristic value: 1883/3228 priority: 2/2985/1/2985 [expanded 10 state(s)]
[LAMA] Best heuristic value: 1883/2986 priority: 3/3976/1/3976 [expanded 13 state(s)]
[LAMA] Best heuristic value: 1883/2744 priority: 4/4947/1/4947 [expanded 29 state(s)]
[LAMA] Best heuristic value: 1883/2563 priority: 5/5939/1/5939 [expanded 32 state(s)]
[LAMA] Best heuristic value: 1883/2502 priority: 6/6932/1/6932 [expanded 40 state(s)]
[LAMA] Best heuristic value: 1883/2441 priority: 7/7925/1/7925 [expanded 49 state(s)]
[LAMA] Best heuristic value: 1883/2321 priority: 8/8917/1/8917 [expanded 55 state(s)]
[LAMA] Best heuristic value: 1883/1837 priority: 9/9906/1/9906 [expanded 61 state(s)]
[LAMA] Best heuristic value: 1883/1776 priority: 10/10899/1/10899 [expanded 68 state(s)]
[LAMA] Best heuristic value: 1883/1715 priority: 11/11892/1/11892 [expanded 73 state(s)]
[LAMA] Best heuristic value: 1883/1473 priority: 12/12884/1/12884 [expanded 78 state(s)]
[LAMA] Best heuristic value: 1883/1111 priority: 13/13875/1/13875 [expanded 86 state(s)]
[LAMA] Best heuristic value: 1883/1050 priority: 14/14868/1/14868 [expanded 94 state(s)]
[LAMA] Best heuristic value: 1883/989 priority: 15/15861/1/15861 [expanded 98 state(s)]
[LAMA] Best heuristic value: 1611/989 priority: 16/16860/1/16860 [expanded 100 state(s)]
[LAMA] Best heuristic value: 1269/868 priority: 17/17854/1/17854 [expanded 106 state(s)]
[LAMA] Best heuristic value: 1268/857 priority: 18/18854/1/18854 [expanded 107 state(s)]
[LAMA] Best heuristic value: 982/857 priority: 19/19853/1/19853 [expanded 108 state(s)]
[LAMA] Best heuristic value: 245/495 priority: 20/20850/1/20851 [expanded 111 state(s)]
[LAMA] Best heuristic value: 224/434 priority: 21/21848/1/21848 [expanded 113 state(s)]
[LAMA] Best heuristic value: 214/434 priority: 22/22848/1/22848 [expanded 114 state(s)]
[LAMA] Best heuristic value: 32/72 priority: 23/23843/1/23844 [expanded 117 state(s)]
[LAMA] Best heuristic value: 31/61 priority: 24/24843/1/24843 [expanded 118 state(s)]
[LAMA] Solution found!
Plan length: 36 step(s), cost: 2260.
Expanded 124 state(s).
Generated 504 state(s).
Search time: 0.02 seconds
Total time: 0.05 seconds
[Info] Search iteration 3
[Info] Using the following heuristic(s):
       FF heuristic with preferred operators
       Landmark heuristic with preferred operators
Conducting weighted A* search, weight is 3, bound is 2260.
[LAMA] Best heuristic value: 2007/3350 priority: 0/0/0/0 [expanded 1 state(s)]
[LAMA] Best heuristic value: 1945/3289 priority: 1/993/0/994 [expanded 4 state(s)]
[LAMA] Best heuristic value: 1883/3289 priority: 2/1987/0/1987 [expanded 7 state(s)]
[LAMA] Best heuristic value: 1883/3228 priority: 3/2985/0/2985 [expanded 10 state(s)]
[LAMA] Best heuristic value: 1883/2986 priority: 4/3976/0/3976 [expanded 13 state(s)]
[LAMA] Best heuristic value: 1883/2744 priority: 5/4947/0/4947 [expanded 29 state(s)]
[LAMA] Best heuristic value: 1883/2563 priority: 6/5939/0/5939 [expanded 32 state(s)]
[LAMA] Best heuristic value: 1883/2502 priority: 7/6932/0/6932 [expanded 38 state(s)]
[LAMA] Best heuristic value: 1883/2441 priority: 8/7925/0/7925 [expanded 43 state(s)]
[LAMA] Best heuristic value: 1883/2321 priority: 9/8917/0/8917 [expanded 51 state(s)]
[LAMA] Best heuristic value: 1883/1837 priority: 10/9908/0/9908 [expanded 58 state(s)]
[LAMA] Best heuristic value: 1883/1776 priority: 11/10901/0/10901 [expanded 63 state(s)]
[LAMA] Best heuristic value: 1883/1715 priority: 12/11894/0/11894 [expanded 71 state(s)]
[LAMA] Best heuristic value: 1883/1473 priority: 13/12886/0/12886 [expanded 75 state(s)]
[LAMA] Best heuristic value: 1883/1111 priority: 14/13875/0/13875 [expanded 88 state(s)]
[LAMA] Best heuristic value: 1883/1050 priority: 15/14868/0/14868 [expanded 97 state(s)]
[LAMA] Best heuristic value: 1883/989 priority: 16/15861/0/15861 [expanded 105 state(s)]
[LAMA] Best heuristic value: 1611/989 priority: 17/16860/0/16860 [expanded 106 state(s)]
[LAMA] Best heuristic value: 1269/868 priority: 18/17854/0/17854 [expanded 112 state(s)]
[LAMA] Best heuristic value: 1268/857 priority: 19/18854/0/18854 [expanded 113 state(s)]
[LAMA] Best heuristic value: 982/857 priority: 20/19853/0/19853 [expanded 114 state(s)]
[LAMA] Best heuristic value: 245/495 priority: 21/20850/0/20851 [expanded 117 state(s)]
[LAMA] Best heuristic value: 224/434 priority: 22/21848/0/21848 [expanded 119 state(s)]
[LAMA] Best heuristic value: 214/434 priority: 23/22848/0/22848 [expanded 120 state(s)]
[LAMA] Best heuristic value: 32/72 priority: 24/23841/0/23841 [expanded 123 state(s)]
[LAMA] Best heuristic value: 31/61 priority: 25/24841/0/24841 [expanded 124 state(s)]
[LAMA] Solution found!
Plan length: 34 step(s), cost: 2240.
Expanded 675 state(s).
Generated 2389 state(s).
Search time: 0.1 seconds
Total time: 0.15 seconds
[Info] Search iteration 4
[Info] Using the following heuristic(s):
       FF heuristic with preferred operators
       Landmark heuristic with preferred operators
Conducting weighted A* search, weight is 2, bound is 2240.
[LAMA] Best heuristic value: 2007/3350 priority: 0/0/0/0 [expanded 1 state(s)]
[LAMA] Best heuristic value: 1945/3289 priority: 1/993/0/994 [expanded 4 state(s)]
[LAMA] Best heuristic value: 1883/3289 priority: 2/1987/0/1987 [expanded 7 state(s)]
[LAMA] Best heuristic value: 1883/3228 priority: 3/2985/0/2985 [expanded 10 state(s)]
[LAMA] Best heuristic value: 1883/2986 priority: 4/3953/0/3953 [expanded 21 state(s)]
[LAMA] Best heuristic value: 1883/2927 priority: 5/4903/0/4903 [expanded 50 state(s)]
[LAMA] Best heuristic value: 1883/2744 priority: 6/5892/0/5892 [expanded 55 state(s)]
[LAMA] Best heuristic value: 1883/2563 priority: 7/6884/0/6884 [expanded 58 state(s)]
[LAMA] Best heuristic value: 1883/2502 priority: 8/7877/0/7877 [expanded 62 state(s)]
[LAMA] Best heuristic value: 1883/2441 priority: 9/8870/0/8870 [expanded 69 state(s)]
[LAMA] Best heuristic value: 1883/2320 priority: 10/9843/0/9843 [expanded 88 state(s)]
[LAMA] Best heuristic value: 1883/1958 priority: 11/10832/0/10832 [expanded 94 state(s)]
[LAMA] Best heuristic value: 1883/1897 priority: 12/11825/0/11825 [expanded 104 state(s)]
[LAMA] Best heuristic value: 1883/1836 priority: 13/12818/0/12818 [expanded 113 state(s)]
[LAMA] Best heuristic value: 1883/1594 priority: 14/13799/0/13799 [expanded 130 state(s)]
[LAMA] Best heuristic value: 1883/1232 priority: 15/14790/0/14790 [expanded 138 state(s)]
[LAMA] Best heuristic value: 1883/1171 priority: 16/15783/0/15783 [expanded 143 state(s)]
[LAMA] Best heuristic value: 1883/1110 priority: 17/16776/0/16776 [expanded 147 state(s)]
[LAMA] Best heuristic value: 1611/1110 priority: 18/17775/0/17775 [expanded 148 state(s)]
[LAMA] Best heuristic value: 1269/868 priority: 19/18766/0/18766 [expanded 153 state(s)]
[LAMA] Best heuristic value: 1268/857 priority: 20/19765/0/19765 [expanded 156 state(s)]
[LAMA] Best heuristic value: 982/857 priority: 21/20764/0/20764 [expanded 157 state(s)]
[LAMA] Best heuristic value: 245/495 priority: 22/21761/0/21762 [expanded 160 state(s)]
[LAMA] Best heuristic value: 224/434 priority: 23/22759/0/22759 [expanded 162 state(s)]
[LAMA] Best heuristic value: 214/434 priority: 24/23759/0/23759 [expanded 163 state(s)]
[LAMA] Best heuristic value: 63/133 priority: 25/24753/0/24754 [expanded 166 state(s)]
[LAMA] Best heuristic value: 62/122 priority: 26/25753/0/25753 [expanded 167 state(s)]
[LAMA] Best heuristic value: 31/61 priority: 27/26751/0/26752 [expanded 168 state(s)]
[LAMA] Solution found!
Plan length: 32 step(s), cost: 2220.
Expanded 1163 state(s).
Generated 4307 state(s).
Search time: 0.17 seconds
Total time: 0.32 seconds
[Info] Search iteration 5
[Info] Using the following heuristic(s):
       FF heuristic 
       Landmark heuristic 
Conducting weighted A* search, weight is 1, bound is 2220.
[LAMA] Best heuristic value: 2007/3350 priority: 0/0 [expanded 1 state(s)]
[LAMA] Best heuristic value: 1945/3289 priority: 4/3 [expanded 4 state(s)]
[LAMA] Best heuristic value: 1883/3228 priority: 9/8 [expanded 7 state(s)]
[LAMA] Best heuristic value: 1883/2986 priority: 136/136 [expanded 95 state(s)]
[LAMA] Best heuristic value: 1883/2744 priority: 143/143 [expanded 100 state(s)]
[LAMA] Best heuristic value: 1883/2069 priority: 148/148 [expanded 103 state(s)]
[LAMA] Best heuristic value: 1883/1797 priority: 154/154 [expanded 107 state(s)]
[LAMA] Best heuristic value: 1883/1751 priority: 159/159 [expanded 110 state(s)]
[LAMA] Best heuristic value: 1883/1705 priority: 164/164 [expanded 113 state(s)]
[LAMA] Best heuristic value: 1883/1523 priority: 180/180 [expanded 136 state(s)]
[LAMA] Best heuristic value: 1883/1387 priority: 185/185 [expanded 145 state(s)]
[LAMA] Best heuristic value: 1883/1341 priority: 190/190 [expanded 154 state(s)]
[LAMA] Best heuristic value: 1883/1295 priority: 195/195 [expanded 163 state(s)]
[LAMA] Best heuristic value: 1883/1113 priority: 206/206 [expanded 182 state(s)]
[LAMA] Best heuristic value: 1883/841 priority: 213/213 [expanded 195 state(s)]
[LAMA] Best heuristic value: 1883/795 priority: 218/218 [expanded 203 state(s)]
[LAMA] Best heuristic value: 1883/749 priority: 223/223 [expanded 211 state(s)]
[LAMA] Best heuristic value: 1611/749 priority: 224/224 [expanded 214 state(s)]
[LAMA] Best heuristic value: 1269/658 priority: 228/228 [expanded 221 state(s)]
[LAMA] Best heuristic value: 1268/647 priority: 229/229 [expanded 224 state(s)]
[LAMA] Best heuristic value: 982/647 priority: 230/230 [expanded 227 state(s)]
[LAMA] Best heuristic value: 982/615 priority: 238/238 [expanded 242 state(s)]
[LAMA] Best heuristic value: 982/523 priority: 243/243 [expanded 251 state(s)]
[LAMA] Best heuristic value: 982/477 priority: 248/248 [expanded 260 state(s)]
[LAMA] Best heuristic value: 982/431 priority: 253/253 [expanded 269 state(s)]
[LAMA] Best heuristic value: 982/340 priority: 281/281 [expanded 313 state(s)]
[LAMA] Best heuristic value: 982/329 priority: 282/282 [expanded 316 state(s)]
[LAMA] Best heuristic value: 954/329 priority: 283/283 [expanded 319 state(s)]
[LAMA] Best heuristic value: 892/329 priority: 301/301 [expanded 352 state(s)]
[LAMA] Best heuristic value: 892/159 priority: 317/317 [expanded 379 state(s)]
[LAMA] Best heuristic value: 892/148 priority: 318/318 [expanded 382 state(s)]
[LAMA] Best heuristic value: 774/148 priority: 320/320 [expanded 386 state(s)]
[LAMA] Best heuristic value: 32/57 priority: 322/322 [expanded 390 state(s)]
[LAMA] Best heuristic value: 31/46 priority: 322/322 [expanded 391 state(s)]
[LAMA] Solution found!
Plan length: 37 step(s), cost: 2025.
Expanded 393 state(s).
Generated 1267 state(s).
Search time: 0.04 seconds
Total time: 0.36 seconds
[Info] Search iteration 6
[Info] No more new weight, weight is 1
[Info] Using the following heuristic(s):
       FF heuristic 
       Landmark heuristic 
Conducting weighted A* search, weight is 1, bound is 2025.
[LAMA] Best heuristic value: 2007/3350 priority: 0/0 [expanded 1 state(s)]
[LAMA] Best heuristic value: 1945/3289 priority: 5/4 [expanded 4 state(s)]
[LAMA] Best heuristic value: 1883/3228 priority: 9/9 [expanded 7 state(s)]
[LAMA] Best heuristic value: 1883/2986 priority: 136/136 [expanded 95 state(s)]
[LAMA] Best heuristic value: 1883/2744 priority: 142/142 [expanded 99 state(s)]
[LAMA] Best heuristic value: 1883/2069 priority: 147/147 [expanded 102 state(s)]
[LAMA] Best heuristic value: 1883/1797 priority: 153/153 [expanded 106 state(s)]
[LAMA] Best heuristic value: 1883/1751 priority: 158/158 [expanded 109 state(s)]
[LAMA] Best heuristic value: 1883/1705 priority: 163/163 [expanded 112 state(s)]
[LAMA] Best heuristic value: 1883/1615 priority: 180/180 [expanded 134 state(s)]
[LAMA] Best heuristic value: 1883/1479 priority: 206/206 [expanded 180 state(s)]
[LAMA] Best heuristic value: 1883/1433 priority: 211/211 [expanded 189 state(s)]
[LAMA] Best heuristic value: 1883/1387 priority: 216/216 [expanded 198 state(s)]
[LAMA] Best heuristic value: 1883/1341 priority: 233/233 [expanded 227 state(s)]
[LAMA] Best heuristic value: 1883/1159 priority: 301/301 [expanded 331 state(s)]
[LAMA] Best heuristic value: 1883/1068 priority: 306/306 [expanded 340 state(s)]
[LAMA] Best heuristic value: 1883/796 priority: 316/316 [expanded 359 state(s)]
[LAMA] Best heuristic value: 1883/750 priority: 321/321 [expanded 368 state(s)]
[LAMA] Best heuristic value: 1883/704 priority: 326/326 [expanded 377 state(s)]
[LAMA] Best heuristic value: 1611/704 priority: 327/327 [expanded 380 state(s)]
[LAMA] Best heuristic value: 1269/522 priority: 333/333 [expanded 391 state(s)]
[LAMA] Best heuristic value: 1268/511 priority: 334/334 [expanded 394 state(s)]
[LAMA] Best heuristic value: 982/511 priority: 335/335 [expanded 397 state(s)]
[LAMA] Best heuristic value: 245/239 priority: 340/340 [expanded 406 state(s)]
[LAMA] Best heuristic value: 224/193 priority: 344/343 [expanded 409 state(s)]
[LAMA] Best heuristic value: 214/193 priority: 344/344 [expanded 410 state(s)]
[LAMA] Best heuristic value: 63/103 priority: 348/347 [expanded 412 state(s)]
[LAMA] Best heuristic value: 62/92 priority: 348/348 [expanded 413 state(s)]
[LAMA] Best heuristic value: 31/46 priority: 352/351 [expanded 415 state(s)]
[LAMA] Solution found!
Plan length: 33 step(s), cost: 1985.
Expanded 421 state(s).
Generated 1448 state(s).
Search time: 0.04 seconds
Total time: 0.4 seconds
[Info] Search iteration 7
[Info] No more new weight, weight is 1
[Info] Using the following heuristic(s):
       FF heuristic 
       Landmark heuristic 
Conducting weighted A* search, weight is 1, bound is 1985.
[LAMA] Best heuristic value: 2007/3350 priority: 0/0 [expanded 1 state(s)]
[LAMA] Best heuristic value: 1945/3289 priority: 4/3 [expanded 4 state(s)]
[LAMA] Best heuristic value: 1883/3228 priority: 9/8 [expanded 7 state(s)]
[LAMA] Best heuristic value: 1883/2986 priority: 136/136 [expanded 95 state(s)]
[LAMA] Best heuristic value: 1883/2744 priority: 143/143 [expanded 100 state(s)]
[LAMA] Best heuristic value: 1883/2069 priority: 148/148 [expanded 103 state(s)]
[LAMA] Best heuristic value: 1883/1797 priority: 154/154 [expanded 107 state(s)]
[LAMA] Best heuristic value: 1883/1751 priority: 159/159 [expanded 110 state(s)]
[LAMA] Best heuristic value: 1883/1705 priority: 164/164 [expanded 113 state(s)]
[LAMA] Best heuristic value: 1883/1523 priority: 180/180 [expanded 136 state(s)]
[LAMA] Best heuristic value: 1883/1387 priority: 185/185 [expanded 145 state(s)]
[LAMA] Best heuristic value: 1883/1341 priority: 190/190 [expanded 154 state(s)]
[LAMA] Best heuristic value: 1883/1295 priority: 195/195 [expanded 163 state(s)]
[LAMA] Best heuristic value: 1883/1113 priority: 206/206 [expanded 182 state(s)]
[LAMA] Best heuristic value: 1883/841 priority: 213/213 [expanded 195 state(s)]
[LAMA] Best heuristic value: 1883/795 priority: 218/218 [expanded 203 state(s)]
[LAMA] Best heuristic value: 1883/749 priority: 223/223 [expanded 211 state(s)]
[LAMA] Best heuristic value: 1611/749 priority: 224/224 [expanded 214 state(s)]
[LAMA] Best heuristic value: 1269/658 priority: 228/228 [expanded 221 state(s)]
[LAMA] Best heuristic value: 1268/647 priority: 229/229 [expanded 224 state(s)]
[LAMA] Best heuristic value: 982/647 priority: 230/230 [expanded 227 state(s)]
[LAMA] Best heuristic value: 982/615 priority: 238/238 [expanded 242 state(s)]
[LAMA] Best heuristic value: 982/523 priority: 243/243 [expanded 251 state(s)]
[LAMA] Best heuristic value: 982/477 priority: 248/248 [expanded 260 state(s)]
[LAMA] Best heuristic value: 982/431 priority: 253/253 [expanded 269 state(s)]
[LAMA] Best heuristic value: 982/340 priority: 281/281 [expanded 313 state(s)]
[LAMA] Best heuristic value: 982/329 priority: 282/282 [expanded 316 state(s)]
[LAMA] Best heuristic value: 954/329 priority: 283/283 [expanded 319 state(s)]
[LAMA] Best heuristic value: 892/329 priority: 301/301 [expanded 352 state(s)]
[LAMA] Best heuristic value: 892/159 priority: 317/317 [expanded 379 state(s)]
[LAMA] Best heuristic value: 892/148 priority: 318/318 [expanded 382 state(s)]
[LAMA] Best heuristic value: 774/148 priority: 320/320 [expanded 386 state(s)]
[LAMA] Best heuristic value: 32/57 priority: 322/322 [expanded 390 state(s)]
[LAMA] Best heuristic value: 31/46 priority: 322/322 [expanded 391 state(s)]
[LAMA] Solution found!
Plan length: 35 step(s), cost: 1915.
Expanded 5764 state(s).
Generated 17360 state(s).
Search time: 0.58 seconds
Total time: 0.98 seconds
[Info] Search iteration 8
[Info] No more new weight, weight is 1
[Info] Using the following heuristic(s):
       FF heuristic 
       Landmark heuristic 
Conducting weighted A* search, weight is 1, bound is 1915.
[LAMA] Best heuristic value: 2007/3350 priority: 0/0 [expanded 1 state(s)]
[LAMA] Best heuristic value: 1945/3289 priority: 4/3 [expanded 4 state(s)]
[LAMA] Best heuristic value: 1883/3228 priority: 9/8 [expanded 7 state(s)]
[LAMA] Best heuristic value: 1883/2986 priority: 136/136 [expanded 95 state(s)]
[LAMA] Best heuristic value: 1883/2744 priority: 143/143 [expanded 100 state(s)]
[LAMA] Best heuristic value: 1883/2069 priority: 148/148 [expanded 103 state(s)]
[LAMA] Best heuristic value: 1883/1797 priority: 154/154 [expanded 107 state(s)]
[LAMA] Best heuristic value: 1883/1751 priority: 159/159 [expanded 110 state(s)]
[LAMA] Best heuristic value: 1883/1705 priority: 164/164 [expanded 113 state(s)]
[LAMA] Best heuristic value: 1883/1523 priority: 180/180 [expanded 136 state(s)]
[LAMA] Best heuristic value: 1883/1387 priority: 185/185 [expanded 145 state(s)]
[LAMA] Best heuristic value: 1883/1341 priority: 190/190 [expanded 154 state(s)]
[LAMA] Best heuristic value: 1883/1295 priority: 195/195 [expanded 163 state(s)]
[LAMA] Best heuristic value: 1883/1113 priority: 206/206 [expanded 182 state(s)]
[LAMA] Best heuristic value: 1883/841 priority: 213/213 [expanded 195 state(s)]
[LAMA] Best heuristic value: 1883/795 priority: 218/218 [expanded 203 state(s)]
[LAMA] Best heuristic value: 1883/749 priority: 223/223 [expanded 211 state(s)]
[LAMA] Best heuristic value: 1611/749 priority: 224/224 [expanded 214 state(s)]
[LAMA] Best heuristic value: 1269/658 priority: 228/228 [expanded 221 state(s)]
[LAMA] Best heuristic value: 1268/647 priority: 229/229 [expanded 224 state(s)]
[LAMA] Best heuristic value: 982/647 priority: 230/230 [expanded 227 state(s)]
[LAMA] Best heuristic value: 982/615 priority: 238/238 [expanded 242 state(s)]
[LAMA] Best heuristic value: 982/523 priority: 243/243 [expanded 251 state(s)]
[LAMA] Best heuristic value: 982/477 priority: 248/248 [expanded 260 state(s)]
[LAMA] Best heuristic value: 982/431 priority: 253/253 [expanded 269 state(s)]
[LAMA] Best heuristic value: 982/340 priority: 281/281 [expanded 313 state(s)]
[LAMA] Best heuristic value: 982/329 priority: 282/282 [expanded 316 state(s)]
[LAMA] Best heuristic value: 954/329 priority: 283/283 [expanded 319 state(s)]
[LAMA] Best heuristic value: 892/329 priority: 301/301 [expanded 352 state(s)]
[LAMA] Best heuristic value: 892/159 priority: 317/317 [expanded 379 state(s)]
[LAMA] Best heuristic value: 892/148 priority: 318/318 [expanded 382 state(s)]
[LAMA] Best heuristic value: 774/148 priority: 320/320 [expanded 386 state(s)]
[LAMA] Best heuristic value: 712/148 priority: 341/341 [expanded 417 state(s)]
[LAMA] Best heuristic value: 256/148 priority: 392/392 [expanded 480 state(s)]
[LAMA] Best heuristic value: 255/148 priority: 392/392 [expanded 481 state(s)]
[LAMA] Best heuristic value: 245/148 priority: 393/392 [expanded 482 state(s)]
[LAMA] Best heuristic value: 224/148 priority: 396/395 [expanded 483 state(s)]
[LAMA] Best heuristic value: 214/148 priority: 396/396 [expanded 484 state(s)]
[LAMA] Best heuristic value: 63/103 priority: 657/656 [expanded 709 state(s)]
[LAMA] Best heuristic value: 62/92 priority: 657/657 [expanded 710 state(s)]
[LAMA] Best heuristic value: 31/46 priority: 7261/7261 [expanded 6000 state(s)]
[LAMA] Solution found!
Plan length: 33 step(s), cost: 1895.
Expanded 6006 state(s).
Generated 16889 state(s).
Search time: 0.58 seconds
Total time: 1.56 seconds
[Info] Search iteration 9
[Info] No more new weight, weight is 1
[Info] Using the following heuristic(s):
       FF heuristic 
       Landmark heuristic 
Conducting weighted A* search, weight is 1, bound is 1895.
[LAMA] Best heuristic value: 2007/3350 priority: 0/0 [expanded 1 state(s)]
[LAMA] Best heuristic value: 1945/3289 priority: 4/3 [expanded 4 state(s)]
[LAMA] Best heuristic value: 1883/3228 priority: 9/8 [expanded 7 state(s)]
[LAMA] Best heuristic value: 1883/2986 priority: 136/136 [expanded 95 state(s)]
[LAMA] Best heuristic value: 1883/2744 priority: 143/143 [expanded 100 state(s)]
[LAMA] Best heuristic value: 1883/2069 priority: 148/148 [expanded 103 state(s)]
[LAMA] Best heuristic value: 1883/1797 priority: 154/154 [expanded 107 state(s)]
[LAMA] Best heuristic value: 1883/1751 priority: 159/159 [expanded 110 state(s)]
[LAMA] Best heuristic value: 1883/1705 priority: 164/164 [expanded 113 state(s)]
[LAMA] Best heuristic value: 1883/1523 priority: 180/180 [expanded 136 state(s)]
[LAMA] Best heuristic value: 1883/1387 priority: 185/185 [expanded 145 state(s)]
[LAMA] Best heuristic value: 1883/1341 priority: 190/190 [expanded 154 state(s)]
[LAMA] Best heuristic value: 1883/1295 priority: 195/195 [expanded 163 state(s)]
[LAMA] Best heuristic value: 1883/1113 priority: 206/206 [expanded 182 state(s)]
[LAMA] Best heuristic value: 1883/841 priority: 213/213 [expanded 195 state(s)]
[LAMA] Best heuristic value: 1883/795 priority: 218/218 [expanded 203 state(s)]
[LAMA] Best heuristic value: 1883/749 priority: 223/223 [expanded 211 state(s)]
[LAMA] Best heuristic value: 1611/749 priority: 224/224 [expanded 214 state(s)]
[LAMA] Best heuristic value: 1269/658 priority: 228/228 [expanded 221 state(s)]
[LAMA] Best heuristic value: 1268/647 priority: 229/229 [expanded 224 state(s)]
[LAMA] Best heuristic value: 982/647 priority: 230/230 [expanded 227 state(s)]
[LAMA] Best heuristic value: 982/615 priority: 238/238 [expanded 242 state(s)]
[LAMA] Best heuristic value: 982/523 priority: 243/243 [expanded 251 state(s)]
[LAMA] Best heuristic value: 982/477 priority: 248/248 [expanded 260 state(s)]
[LAMA] Best heuristic value: 982/431 priority: 253/253 [expanded 269 state(s)]
[LAMA] Best heuristic value: 982/340 priority: 281/281 [expanded 313 state(s)]
[LAMA] Best heuristic value: 982/329 priority: 282/282 [expanded 316 state(s)]
[LAMA] Best heuristic value: 954/329 priority: 283/283 [expanded 319 state(s)]
[LAMA] Best heuristic value: 892/329 priority: 301/301 [expanded 352 state(s)]
[LAMA] Best heuristic value: 892/159 priority: 317/317 [expanded 379 state(s)]
[LAMA] Best heuristic value: 892/148 priority: 318/318 [expanded 382 state(s)]
[LAMA] Best heuristic value: 774/148 priority: 320/320 [expanded 386 state(s)]
[LAMA] Best heuristic value: 712/148 priority: 341/341 [expanded 417 state(s)]
[LAMA] Best heuristic value: 256/148 priority: 392/392 [expanded 480 state(s)]
[LAMA] Best heuristic value: 255/148 priority: 392/392 [expanded 481 state(s)]
[LAMA] Best heuristic value: 245/148 priority: 393/392 [expanded 482 state(s)]
[LAMA] Best heuristic value: 224/148 priority: 396/395 [expanded 483 state(s)]
[LAMA] Best heuristic value: 214/148 priority: 396/396 [expanded 484 state(s)]
[LAMA] Best heuristic value: 63/103 priority: 657/656 [expanded 709 state(s)]
[LAMA] Best heuristic value: 62/92 priority: 7094/7094 [expanded 5865 state(s)]
[LAMA] Best heuristic value: 31/46 priority: 7098/7097 [expanded 5867 state(s)]
[LAMA] Best heuristic value: 31/31 priority: 9906/9906 [expanded 8329 state(s)]
[LAMA] Solution found!
Plan length: 38 step(s), cost: 1790.
Expanded 8332 state(s).
Generated 23166 state(s).
Search time: 0.79 seconds
Total time: 2.35 seconds
[Info] Search iteration 10
[Info] No more new weight, weight is 1
[Info] Using the following heuristic(s):
       FF heuristic 
       Landmark heuristic 
Conducting weighted A* search, weight is 1, bound is 1790.
[LAMA] Best heuristic value: 2007/3350 priority: 0/0 [expanded 1 state(s)]
[LAMA] Best heuristic value: 1945/3289 priority: 4/3 [expanded 4 state(s)]
[LAMA] Best heuristic value: 1883/3228 priority: 9/8 [expanded 7 state(s)]
[LAMA] Best heuristic value: 1883/2986 priority: 136/136 [expanded 95 state(s)]
[LAMA] Best heuristic value: 1883/2744 priority: 143/143 [expanded 100 state(s)]
[LAMA] Best heuristic value: 1883/2069 priority: 148/148 [expanded 103 state(s)]
[LAMA] Best heuristic value: 1883/1797 priority: 154/154 [expanded 107 state(s)]
[LAMA] Best heuristic value: 1883/1751 priority: 159/159 [expanded 110 state(s)]
[LAMA] Best heuristic value: 1883/1705 priority: 164/164 [expanded 113 state(s)]
[LAMA] Best heuristic value: 1883/1523 priority: 180/180 [expanded 136 state(s)]
[LAMA] Best heuristic value: 1883/1387 priority: 185/185 [expanded 145 state(s)]
[LAMA] Best heuristic value: 1883/1341 priority: 190/190 [expanded 154 state(s)]
[LAMA] Best heuristic value: 1883/1295 priority: 195/195 [expanded 163 state(s)]
[LAMA] Best heuristic value: 1883/1113 priority: 206/206 [expanded 182 state(s)]
[LAMA] Best heuristic value: 1883/841 priority: 213/213 [expanded 195 state(s)]
[LAMA] Best heuristic value: 1883/795 priority: 218/218 [expanded 203 state(s)]
[LAMA] Best heuristic value: 1883/749 priority: 223/223 [expanded 211 state(s)]
[LAMA] Best heuristic value: 1611/749 priority: 224/224 [expanded 214 state(s)]
[LAMA] Best heuristic value: 1269/658 priority: 228/228 [expanded 221 state(s)]
[LAMA] Best heuristic value: 1268/647 priority: 229/229 [expanded 224 state(s)]
[LAMA] Best heuristic value: 982/647 priority: 230/230 [expanded 227 state(s)]
[LAMA] Best heuristic value: 982/615 priority: 238/238 [expanded 242 state(s)]
[LAMA] Best heuristic value: 982/523 priority: 243/243 [expanded 251 state(s)]
[LAMA] Best heuristic value: 982/477 priority: 248/248 [expanded 260 state(s)]
[LAMA] Best heuristic value: 982/431 priority: 253/253 [expanded 269 state(s)]
[LAMA] Best heuristic value: 982/386 priority: 291/291 [expanded 325 state(s)]
[LAMA] Best heuristic value: 982/375 priority: 292/292 [expanded 328 state(s)]
[LAMA] Best heuristic value: 905/375 priority: 322/322 [expanded 370 state(s)]
[LAMA] Best heuristic value: 245/375 priority: 518/518 [expanded 583 state(s)]
[LAMA] Best heuristic value: 245/341 priority: 1390/1390 [expanded 1301 state(s)]
[LAMA] Best heuristic value: 245/296 priority: 3771/3771 [expanded 3495 state(s)]
[LAMA] Best heuristic value: 245/285 priority: 3772/3772 [expanded 3496 state(s)]
[LAMA] Best heuristic value: 245/205 priority: 5066/5066 [expanded 4430 state(s)]
[LAMA] Best heuristic value: 245/194 priority: 5067/5067 [expanded 4433 state(s)]
[LAMA] Best heuristic value: 245/159 priority: 6530/6530 [expanded 5695 state(s)]
[LAMA] Best heuristic value: 245/148 priority: 6531/6531 [expanded 5697 state(s)]
[LAMA] Best heuristic value: 224/148 priority: 6640/6639 [expanded 5793 state(s)]
[LAMA] Best heuristic value: 214/148 priority: 6640/6640 [expanded 5794 state(s)]
[LAMA] Best heuristic value: 185/148 priority: 6868/6868 [expanded 5983 state(s)]
[LAMA] Best heuristic value: 164/148 priority: 6872/6871 [expanded 5984 state(s)]
[LAMA] Best heuristic value: 164/114 priority: 9270/9270 [expanded 8119 state(s)]
[LAMA] Best heuristic value: 164/103 priority: 9271/9271 [expanded 8122 state(s)]
[LAMA] Best heuristic value: 32/42 priority: 9275/9274 [expanded 8125 state(s)]
[LAMA] Best heuristic value: 31/31 priority: 9275/9275 [expanded 8126 state(s)]
[LAMA] Solution found!
Plan length: 34 step(s), cost: 1750.
Expanded 8404 state(s).
Generated 23870 state(s).
Search time: 0.8 seconds
Total time: 3.15 seconds
[Info] Search iteration 11
[Info] No more new weight, weight is 1
[Info] Using the following heuristic(s):
       FF heuristic 
       Landmark heuristic 
Conducting weighted A* search, weight is 1, bound is 1750.
[LAMA] Best heuristic value: 2007/3350 priority: 0/0 [expanded 1 state(s)]
[LAMA] Best heuristic value: 1945/3289 priority: 4/3 [expanded 4 state(s)]
[LAMA] Best heuristic value: 1883/3228 priority: 9/8 [expanded 7 state(s)]
[LAMA] Best heuristic value: 1883/2986 priority: 136/136 [expanded 95 state(s)]
[LAMA] Best heuristic value: 1883/2744 priority: 143/143 [expanded 100 state(s)]
[LAMA] Best heuristic value: 1883/2069 priority: 148/148 [expanded 103 state(s)]
[LAMA] Best heuristic value: 1883/1797 priority: 154/154 [expanded 107 state(s)]
[LAMA] Best heuristic value: 1883/1751 priority: 159/159 [expanded 110 state(s)]
[LAMA] Best heuristic value: 1883/1705 priority: 164/164 [expanded 113 state(s)]
[LAMA] Best heuristic value: 1883/1523 priority: 180/180 [expanded 136 state(s)]
[LAMA] Best heuristic value: 1883/1387 priority: 185/185 [expanded 145 state(s)]
[LAMA] Best heuristic value: 1883/1341 priority: 190/190 [expanded 154 state(s)]
[LAMA] Best heuristic value: 1883/1295 priority: 195/195 [expanded 163 state(s)]
[LAMA] Best heuristic value: 1883/1113 priority: 206/206 [expanded 182 state(s)]
[LAMA] Best heuristic value: 1883/841 priority: 213/213 [expanded 195 state(s)]
[LAMA] Best heuristic value: 1883/795 priority: 218/218 [expanded 203 state(s)]
[LAMA] Best heuristic value: 1883/749 priority: 223/223 [expanded 211 state(s)]
[LAMA] Best heuristic value: 1611/749 priority: 224/224 [expanded 214 state(s)]
[LAMA] Best heuristic value: 1269/658 priority: 228/228 [expanded 221 state(s)]
[LAMA] Best heuristic value: 1268/647 priority: 229/229 [expanded 224 state(s)]
[LAMA] Best heuristic value: 982/647 priority: 230/230 [expanded 227 state(s)]
[LAMA] Best heuristic value: 982/615 priority: 238/238 [expanded 242 state(s)]
[LAMA] Best heuristic value: 982/523 priority: 243/243 [expanded 251 state(s)]
[LAMA] Best heuristic value: 982/477 priority: 248/248 [expanded 260 state(s)]
[LAMA] Best heuristic value: 982/431 priority: 253/253 [expanded 269 state(s)]
[LAMA] Best heuristic value: 905/431 priority: 314/314 [expanded 350 state(s)]
[LAMA] Best heuristic value: 378/431 priority: 513/513 [expanded 574 state(s)]
[LAMA] Best heuristic value: 357/431 priority: 758/757 [expanded 843 state(s)]
[LAMA] Best heuristic value: 347/431 priority: 758/758 [expanded 844 state(s)]
[LAMA] Best heuristic value: 347/387 priority: 776/776 [expanded 855 state(s)]
[LAMA] Best heuristic value: 347/376 priority: 777/777 [expanded 858 state(s)]
[LAMA] Best heuristic value: 347/341 priority: 1310/1310 [expanded 1237 state(s)]
[LAMA] Best heuristic value: 347/340 priority: 5550/5550 [expanded 4671 state(s)]
[LAMA] Best heuristic value: 347/329 priority: 5551/5551 [expanded 4674 state(s)]
[LAMA] Best heuristic value: 347/205 priority: 5592/5592 [expanded 4741 state(s)]
[LAMA] Best heuristic value: 347/194 priority: 5593/5593 [expanded 4744 state(s)]
[LAMA] Best heuristic value: 256/194 priority: 5669/5669 [expanded 4828 state(s)]
[LAMA] Best heuristic value: 255/194 priority: 5669/5669 [expanded 4829 state(s)]
[LAMA] Best heuristic value: 245/194 priority: 5670/5669 [expanded 4830 state(s)]
[LAMA] Best heuristic value: 224/194 priority: 5837/5836 [expanded 4989 state(s)]
[LAMA] Best heuristic value: 214/194 priority: 5837/5837 [expanded 4990 state(s)]
[LAMA] Best heuristic value: 196/194 priority: 5877/5876 [expanded 4991 state(s)]
[LAMA] Best heuristic value: 195/194 priority: 5877/5877 [expanded 4991 state(s)]
[LAMA] Best heuristic value: 185/194 priority: 5879/5878 [expanded 4991 state(s)]
[LAMA] Best heuristic value: 185/193 priority: 7971/7970 [expanded 6543 state(s)]
[LAMA] Best heuristic value: 63/73 priority: 9422/9421 [expanded 7988 state(s)]
[LAMA] Best heuristic value: 62/62 priority: 9422/9422 [expanded 7989 state(s)]
[LAMA] Best heuristic value: 31/31 priority: 10069/10069 [expanded 8546 state(s)]
[LAMA] Solution found!
Plan length: 36 step(s), cost: 1740.
Expanded 13496 state(s).
Generated 37901 state(s).
Search time: 1.31 seconds
Total time: 4.46 seconds
[Info] Search iteration 12
[Info] No more new weight, weight is 1
[Info] Using the following heuristic(s):
       FF heuristic 
       Landmark heuristic 
Conducting weighted A* search, weight is 1, bound is 1740.
[LAMA] Best heuristic value: 2007/3350 priority: 0/0 [expanded 1 state(s)]
[LAMA] Best heuristic value: 1945/3289 priority: 4/3 [expanded 4 state(s)]
[LAMA] Best heuristic value: 1883/3228 priority: 9/8 [expanded 7 state(s)]
[LAMA] Best heuristic value: 1883/2986 priority: 136/136 [expanded 95 state(s)]
[LAMA] Best heuristic value: 1883/2744 priority: 143/143 [expanded 100 state(s)]
[LAMA] Best heuristic value: 1883/2069 priority: 148/148 [expanded 103 state(s)]
[LAMA] Best heuristic value: 1883/1797 priority: 154/154 [expanded 107 state(s)]
[LAMA] Best heuristic value: 1883/1751 priority: 159/159 [expanded 110 state(s)]
[LAMA] Best heuristic value: 1883/1705 priority: 164/164 [expanded 113 state(s)]
[LAMA] Best heuristic value: 1883/1523 priority: 180/180 [expanded 136 state(s)]
[LAMA] Best heuristic value: 1883/1387 priority: 185/185 [expanded 145 state(s)]
[LAMA] Best heuristic value: 1883/1341 priority: 190/190 [expanded 154 state(s)]
[LAMA] Best heuristic value: 1883/1295 priority: 195/195 [expanded 163 state(s)]
[LAMA] Best heuristic value: 1883/1113 priority: 206/206 [expanded 182 state(s)]
[LAMA] Best heuristic value: 1883/841 priority: 213/213 [expanded 195 state(s)]
[LAMA] Best heuristic value: 1883/795 priority: 218/218 [expanded 203 state(s)]
[LAMA] Best heuristic value: 1883/749 priority: 223/223 [expanded 211 state(s)]
[LAMA] Best heuristic value: 1611/749 priority: 224/224 [expanded 214 state(s)]
[LAMA] Best heuristic value: 1269/658 priority: 228/228 [expanded 221 state(s)]
[LAMA] Best heuristic value: 1268/647 priority: 229/229 [expanded 224 state(s)]
[LAMA] Best heuristic value: 982/647 priority: 230/230 [expanded 227 state(s)]
[LAMA] Best heuristic value: 982/615 priority: 238/238 [expanded 242 state(s)]
[LAMA] Best heuristic value: 982/523 priority: 243/243 [expanded 251 state(s)]
[LAMA] Best heuristic value: 982/477 priority: 248/248 [expanded 260 state(s)]
[LAMA] Best heuristic value: 982/431 priority: 253/253 [expanded 269 state(s)]
[LAMA] Best heuristic value: 905/431 priority: 314/314 [expanded 350 state(s)]
[LAMA] Best heuristic value: 378/431 priority: 513/513 [expanded 574 state(s)]
[LAMA] Best heuristic value: 357/431 priority: 758/757 [expanded 843 state(s)]
[LAMA] Best heuristic value: 347/431 priority: 758/758 [expanded 844 state(s)]
[LAMA] Best heuristic value: 347/387 priority: 776/776 [expanded 855 state(s)]
[LAMA] Best heuristic value: 347/376 priority: 777/777 [expanded 858 state(s)]
[LAMA] Best heuristic value: 347/341 priority: 1310/1310 [expanded 1237 state(s)]
[LAMA] Best heuristic value: 347/340 priority: 5595/5595 [expanded 4751 state(s)]
[LAMA] Best heuristic value: 347/329 priority: 5596/5596 [expanded 4754 state(s)]
[LAMA] Best heuristic value: 347/205 priority: 5635/5635 [expanded 4817 state(s)]
[LAMA] Best heuristic value: 347/194 priority: 5636/5636 [expanded 4820 state(s)]
[LAMA] Best heuristic value: 256/194 priority: 5664/5664 [expanded 4854 state(s)]
[LAMA] Best heuristic value: 255/194 priority: 5664/5664 [expanded 4855 state(s)]
[LAMA] Best heuristic value: 245/194 priority: 5665/5664 [expanded 4856 state(s)]
[LAMA] Best heuristic value: 185/194 priority: 5892/5892 [expanded 5078 state(s)]
[LAMA] Best heuristic value: 185/193 priority: 7312/7311 [expanded 6185 state(s)]
[LAMA] Best heuristic value: 63/73 priority: 9108/9107 [expanded 7961 state(s)]
[LAMA] Best heuristic value: 62/62 priority: 9108/9108 [expanded 7962 state(s)]
[LAMA] Best heuristic value: 31/31 priority: 9460/9460 [expanded 8306 state(s)]
[LAMA] Solution found!
Plan length: 34 step(s), cost: 1720.
Expanded 14641 state(s).
Generated 39556 state(s).
Search time: 1.4 seconds
Total time: 5.86 seconds
[Info] Search iteration 13
[Info] No more new weight, weight is 1
[Info] Using the following heuristic(s):
       FF heuristic 
       Landmark heuristic 
Conducting weighted A* search, weight is 1, bound is 1720.
[LAMA] Best heuristic value: 2007/3350 priority: 0/0 [expanded 1 state(s)]
[LAMA] Best heuristic value: 1945/3289 priority: 4/3 [expanded 4 state(s)]
[LAMA] Best heuristic value: 1883/3228 priority: 9/8 [expanded 7 state(s)]
[LAMA] Best heuristic value: 1883/2986 priority: 136/136 [expanded 95 state(s)]
[LAMA] Best heuristic value: 1883/2744 priority: 143/143 [expanded 100 state(s)]
[LAMA] Best heuristic value: 1883/2069 priority: 148/148 [expanded 103 state(s)]
[LAMA] Best heuristic value: 1883/1797 priority: 154/154 [expanded 107 state(s)]
[LAMA] Best heuristic value: 1883/1751 priority: 159/159 [expanded 110 state(s)]
[LAMA] Best heuristic value: 1883/1705 priority: 164/164 [expanded 113 state(s)]
[LAMA] Best heuristic value: 1883/1523 priority: 180/180 [expanded 136 state(s)]
[LAMA] Best heuristic value: 1883/1387 priority: 185/185 [expanded 145 state(s)]
[LAMA] Best heuristic value: 1883/1341 priority: 190/190 [expanded 154 state(s)]
[LAMA] Best heuristic value: 1883/1295 priority: 195/195 [expanded 163 state(s)]
[LAMA] Best heuristic value: 1883/1113 priority: 206/206 [expanded 182 state(s)]
[LAMA] Best heuristic value: 1883/841 priority: 213/213 [expanded 195 state(s)]
[LAMA] Best heuristic value: 1883/795 priority: 218/218 [expanded 203 state(s)]
[LAMA] Best heuristic value: 1883/749 priority: 223/223 [expanded 211 state(s)]
[LAMA] Best heuristic value: 1611/749 priority: 224/224 [expanded 214 state(s)]
[LAMA] Best heuristic value: 1269/658 priority: 228/228 [expanded 221 state(s)]
[LAMA] Best heuristic value: 1268/647 priority: 229/229 [expanded 224 state(s)]
[LAMA] Best heuristic value: 982/647 priority: 230/230 [expanded 227 state(s)]
[LAMA] Best heuristic value: 982/615 priority: 238/238 [expanded 242 state(s)]
[LAMA] Best heuristic value: 982/523 priority: 243/243 [expanded 251 state(s)]
[LAMA] Best heuristic value: 982/477 priority: 248/248 [expanded 260 state(s)]
[LAMA] Best heuristic value: 982/431 priority: 253/253 [expanded 269 state(s)]
[LAMA] Best heuristic value: 905/431 priority: 296/296 [expanded 328 state(s)]
[LAMA] Best heuristic value: 378/431 priority: 491/491 [expanded 554 state(s)]
[LAMA] Best heuristic value: 378/387 priority: 744/744 [expanded 823 state(s)]
[LAMA] Best heuristic value: 378/376 priority: 745/745 [expanded 826 state(s)]
[LAMA] Best heuristic value: 357/376 priority: 782/781 [expanded 865 state(s)]
[LAMA] Best heuristic value: 357/341 priority: 1267/1267 [expanded 1230 state(s)]
[LAMA] Best heuristic value: 256/250 priority: 5634/5634 [expanded 4885 state(s)]
[LAMA] Best heuristic value: 255/239 priority: 5634/5634 [expanded 4886 state(s)]
[LAMA] Best heuristic value: 245/239 priority: 5651/5651 [expanded 4902 state(s)]
[LAMA] Best heuristic value: 224/193 priority: 5793/5792 [expanded 5095 state(s)]
[LAMA] Best heuristic value: 196/193 priority: 5823/5822 [expanded 5110 state(s)]
[LAMA] Best heuristic value: 195/193 priority: 5823/5823 [expanded 5111 state(s)]
[LAMA] Best heuristic value: 185/193 priority: 6120/6120 [expanded 5423 state(s)]
[LAMA] Best heuristic value: 185/164 priority: 8857/8857 [expanded 8048 state(s)]
[LAMA] Best heuristic value: 185/133 priority: 8861/8860 [expanded 8051 state(s)]
[LAMA] Best heuristic value: 63/73 priority: 9468/9467 [expanded 8586 state(s)]
[LAMA] Best heuristic value: 62/62 priority: 9468/9468 [expanded 8587 state(s)]
[LAMA] Best heuristic value: 32/42 priority: 10659/10659 [expanded 9206 state(s)]
[LAMA] Best heuristic value: 31/31 priority: 15456/15456 [expanded 13195 state(s)]
Completely explored state space -- no solution!
Expanded 69734 state(s).
Generated 174522 state(s).
Search time: 8.93 seconds
Total time: 14.79 seconds
[CACHE-MRW] Cache hits: 0
[CACHE-MRW] Cache misses: 0
[CACHE-expanded] Cache hits: 0
-------------------------------------------------------
roamer.p04.runtime: 00:00:15.504
